#
# A fatal error has been detected by the Java Runtime Environment:
#
#  EXCEPTION_ACCESS_VIOLATION (0xc0000005) at pc=0x00007ff942eafd5f, pid=16212, tid=5200
#
# JRE version: Java(TM) SE Runtime Environment (19.0.1+10) (build 19.0.1+10-21)
# Java VM: Java HotSpot(TM) 64-Bit Server VM (19.0.1+10-21, mixed mode, emulated-client, sharing, tiered, compressed oops, compressed class ptrs, g1 gc, windows-amd64)
# Problematic frame:
# V  [jvm.dll+0x43fd5f]
#
# No core dump will be written. Minidumps are not enabled by default on client versions of Windows
#
# If you would like to submit a bug report, please visit:
#   https://bugreport.java.com/bugreport/crash.jsp
#

---------------  S U M M A R Y ------------

Command Line: -javaagent:C:\Users\SRizzardini\.gradle\caches\modules-2\files-2.1\io.quarkus\quarkus-class-change-agent\3.14.4\2ba49408aef9e79dc455fe66cff484ac6b8f1fc5\quarkus-class-change-agent-3.14.4.jar -Dquarkus-internal.serialized-app-model.path=C:\Users\SRizzardini\QuoteApp\quarkus-react\quarkus-react\build\tmp\quarkusDev\quarkus-app-model.dat -Dquarkus-internal-test.serialized-app-model.path=C:\Users\SRizzardini\QuoteApp\quarkus-react\quarkus-react\build\tmp\quarkusDev\quarkus-app-test-model.dat -XX:TieredStopAtLevel=1 -agentlib:jdwp=transport=dt_socket,address=localhost:5005,server=y,suspend=n -Djava.util.logging.manager=org.jboss.logmanager.LogManager C:\Users\SRizzardini\QuoteApp\quarkus-react\quarkus-react\build\quarkus-react-dev.jar

Host: AMD Ryzen 5 5500U with Radeon Graphics         , 12 cores, 13G,  Windows 11 , 64 bit Build 22621 (10.0.22621.2428)
Time: Wed Sep 25 13:30:20 2024 Mitteleuropäische Sommerzeit elapsed time: 4.655693 seconds (0d 0h 0m 4s)

---------------  T H R E A D  ---------------

Current thread (0x000001e43f551f30):  JavaThread "build-41" [_thread_in_vm, id=5200, stack(0x0000008052800000,0x0000008052900000)]

Stack: [0x0000008052800000,0x0000008052900000],  sp=0x00000080528fd870,  free space=1014k
Native frames: (J=compiled Java code, j=interpreted, Vv=VM code, C=native code)
V  [jvm.dll+0x43fd5f]
C  [jansi.dll+0x104e]

Java frames: (J=compiled Java code, j=interpreted, Vv=VM code)
j  org.fusesource.jansi.internal.CLibrary.init()V+0
j  org.fusesource.jansi.internal.CLibrary.<clinit>()V+12
v  ~StubRoutines::call_stub 0x000001e42ae3100e
j  org.fusesource.jansi.AnsiConsole.ansiStream(Z)Lorg/fusesource/jansi/AnsiPrintStream;+62
j  org.fusesource.jansi.AnsiConsole.initStreams()V+7
j  org.fusesource.jansi.AnsiConsole.out()Lorg/fusesource/jansi/AnsiPrintStream;+0
j  org.aesh.readline.terminal.impl.WinSysTerminal.<init>(Ljava/lang/String;ZLorg/aesh/terminal/Terminal$SignalHandler;)V+4
j  org.aesh.readline.terminal.impl.WinSysTerminal.<init>(Ljava/lang/String;Z)V+6
j  org.aesh.readline.terminal.TerminalBuilder.createWindowsTerminal(Ljava/lang/String;)Lorg/aesh/terminal/Terminal;+24
j  org.aesh.readline.terminal.TerminalBuilder.build()Lorg/aesh/terminal/Terminal;+125
j  org.aesh.readline.tty.terminal.TerminalConnection.<init>(Ljava/nio/charset/Charset;Ljava/nio/charset/Charset;Ljava/io/InputStream;Ljava/io/OutputStream;Ljava/util/function/Consumer;)V+85
j  org.aesh.readline.tty.terminal.TerminalConnection.<init>(Ljava/util/function/Consumer;)V+14
j  io.quarkus.deployment.console.ConsoleHelper.installConsole(Lio/quarkus/deployment/dev/testing/TestConfig;Lio/quarkus/deployment/console/ConsoleConfig;Lio/quarkus/runtime/console/ConsoleRuntimeConfig;Lio/quarkus/runtime/logging/ConsoleConfig;Z)V+95
j  io.quarkus.deployment.console.ConsoleProcessor.setupConsole(Lio/quarkus/deployment/dev/testing/TestConfig;Lio/quarkus/deployment/annotations/BuildProducer;Lio/quarkus/deployment/builditem/LaunchModeBuildItem;Lio/quarkus/deployment/console/ConsoleConfig;)Lio/quarkus/deployment/console/ConsoleInstalledBuildItem;+101
j  java.lang.invoke.LambdaForm$DMH+0x00000008011b1800.invokeVirtual(Ljava/lang/Object;Ljava/lang/Object;Ljava/lang/Object;Ljava/lang/Object;Ljava/lang/Object;Ljava/lang/Object;)Ljava/lang/Object;+18 java.base@19.0.1
j  java.lang.invoke.LambdaForm$MH+0x0000000801230c00.invoke(Ljava/lang/Object;Ljava/lang/Object;Ljava/lang/Object;Ljava/lang/Object;Ljava/lang/Object;)Ljava/lang/Object;+101 java.base@19.0.1
j  java.lang.invoke.LambdaForm$MH+0x00000008011f9400.invoke(Ljava/lang/Object;Ljava/lang/Object;Ljava/lang/Object;)Ljava/lang/Object;+66 java.base@19.0.1
J 3196 c1 java.lang.invoke.Invokers$Holder.invokeExact_MT(Ljava/lang/Object;Ljava/lang/Object;Ljava/lang/Object;Ljava/lang/Object;)Ljava/lang/Object; java.base@19.0.1 (24 bytes) @ 0x000001e42b647abc [0x000001e42b6479e0+0x00000000000000dc]
j  java.lang.invoke.MethodHandle.invokeWithArguments([Ljava/lang/Object;)Ljava/lang/Object;+28 java.base@19.0.1
j  io.quarkus.deployment.ExtensionLoader$3.execute(Lio/quarkus/builder/BuildContext;)V+268
j  io.quarkus.builder.BuildContext.run()V+71
j  io.quarkus.builder.BuildContext$$Lambda$294+0x0000000801205d28.run()V+4
j  org.jboss.threads.ContextHandler$1.runWith(Ljava/lang/Runnable;Ljava/lang/Object;)V+1
j  org.jboss.threads.EnhancedQueueExecutor$Task.doRunWith(Ljava/lang/Runnable;Ljava/lang/Object;)V+9
j  org.jboss.threads.EnhancedQueueExecutor$Task.run()V+61
j  org.jboss.threads.EnhancedQueueExecutor$ThreadBody.run()V+177
j  java.lang.Thread.run()V+13 java.base@19.0.1
j  org.jboss.threads.JBossThread.run()V+12
v  ~StubRoutines::call_stub 0x000001e42ae3100e

siginfo: EXCEPTION_ACCESS_VIOLATION (0xc0000005), reading address 0x0000000000000000


Registers:
RAX=0x0000000000000000, RBX=0x000001e43f551f30, RCX=0xba6a06c54ac00000, RDX=0x00000080528fd990
RSP=0x00000080528fd870, RBP=0x0000000000000000, RSI=0x0000000000000000, RDI=0x0000000000000000
R8 =0x0000000000000000, R9 =0x000001e43f55e730, R10=0x0000000000000039, R11=0x00000080528fd868
R12=0x0000000000000000, R13=0x000001e43a8d94a0, R14=0x00000080528fd998, R15=0x000001e43f551f30
RIP=0x00007ff942eafd5f, EFLAGS=0x0000000000010246


Register to memory mapping:

RIP=0x00007ff942eafd5f jvm.dll
RAX=0x0 is NULL
RBX=0x000001e43f551f30 is a thread
RCX=0xba6a06c54ac00000 is an unknown value
RDX=0x00000080528fd990 is pointing into the stack for thread: 0x000001e43f551f30
RSP=0x00000080528fd870 is pointing into the stack for thread: 0x000001e43f551f30
RBP=0x0 is NULL
RSI=0x0 is NULL
RDI=0x0 is NULL
R8 =0x0 is NULL
R9 =0x000001e43f55e730 points into unknown readable memory: 0x0000010000000002 | 02 00 00 00 00 01 00 00
R10=0x0000000000000039 is an unknown value
R11=0x00000080528fd868 is pointing into the stack for thread: 0x000001e43f551f30
R12=0x0 is NULL
R13={method} {0x000001e43a8d94a8} 'init' '()V' in 'org/fusesource/jansi/internal/CLibrary'
R14=0x00000080528fd998 is pointing into the stack for thread: 0x000001e43f551f30
R15=0x000001e43f551f30 is a thread


Top of Stack: (sp=0x00000080528fd870)
0x00000080528fd870:   000001e43f551f30 00000080528fdd98
0x00000080528fd880:   00000080528fdd98 000001e43f551f30
0x00000080528fd890:   0000000000000000 00007ff942e4d215
0x00000080528fd8a0:   00000080528fdd90 000000000000001d
0x00000080528fd8b0:   000001e43f551f30 000001e43edf0998
0x00000080528fd8c0:   000001e4000007c1 00007ff943417e20
0x00000080528fd8d0:   00000080528fd990 00007ff9ab32104e
0x00000080528fd8e0:   000001e4485029f4 00007ff9435cf9a0
0x00000080528fd8f0:   00000080528fd980 000001e43f552210
0x00000080528fd900:   00000080528fdd98 000001e42ae52dff
0x00000080528fd910:   000001e43a8d94a0 00000080528fdd90
0x00000080528fd920:   0000000000000000 0000000000000001
0x00000080528fd930:   000001e42ae526fd 00000080528fd938
0x00000080528fd940:   000001e43a8d94a0 00000080528fd998
0x00000080528fd950:   000001e43a8d9a80 0000000000000000
0x00000080528fd960:   0000000726d9cd20 000001e43a8d94a0 

Instructions: (pc=0x00007ff942eafd5f)
0x00007ff942eafc5f:   8b c0 02 00 00 e8 57 9c ed ff 4c 8d 5c 24 60 90
0x00007ff942eafc6f:   49 8b 6b 20 49 8b 73 28 c7 83 74 03 00 00 04 00
0x00007ff942eafc7f:   00 00 49 8b 5b 18 49 8b e3 5f c3 cc cc cc cc cc
0x00007ff942eafc8f:   cc 48 89 5c 24 10 48 89 6c 24 18 48 89 74 24 20
0x00007ff942eafc9f:   57 48 83 ec 60 8b 81 b8 00 00 00 48 8d 99 20 fd
0x00007ff942eafcaf:   ff ff 05 56 21 ff ff 41 8b e9 49 8b f0 83 f8 02
0x00007ff942eafcbf:   76 08 48 8b cb e8 57 18 3c 00 c7 83 74 03 00 00
0x00007ff942eafccf:   06 00 00 00 e8 e8 00 2a 00 90 48 8b 83 78 03 00
0x00007ff942eafcdf:   00 a8 01 74 0d 45 33 c0 b2 01 48 8b cb e8 df e7
0x00007ff942eafcef:   30 00 8b 83 70 03 00 00 a8 0c 74 08 48 8b cb e8
0x00007ff942eafcff:   7d 41 3c 00 33 ff c7 83 74 03 00 00 06 00 00 00
0x00007ff942eafd0f:   48 89 5c 24 40 48 89 7c 24 48 48 39 7b 08 74 0a
0x00007ff942eafd1f:   48 8d 4c 24 40 e8 87 b7 2d 00 40 38 3d 9d f6 79
0x00007ff942eafd2f:   00 74 2d 4c 8b 0e 48 8d 44 24 70 48 89 44 24 38
0x00007ff942eafd3f:   45 33 c0 c6 44 24 30 49 33 d2 c6 44 24 28 01 48
0x00007ff942eafd4f:   8b cb 48 89 74 24 20 89 6c 24 70 e8 d1 63 14 00
0x00007ff942eafd5f:   48 8b 06 48 8b 48 70 48 85 c9 74 09 ff 15 4f 65
0x00007ff942eafd6f:   70 00 48 8b f8 48 63 4e 10 89 2c 39 48 83 7c 24
0x00007ff942eafd7f:   48 00 74 0a 48 8d 4c 24 40 e8 a3 b7 2d 00 48 8b
0x00007ff942eafd8f:   bb d8 00 00 00 48 8b 47 10 48 83 38 00 74 08 48
0x00007ff942eafd9f:   8b cf e8 ba 29 f6 ff 48 8b 4f 08 48 8b 47 10 48
0x00007ff942eafdaf:   89 41 10 48 8b 4f 08 48 8b 47 18 48 89 41 18 48
0x00007ff942eafdbf:   8b 4f 08 48 8b 47 20 48 89 41 20 48 8d 8b c0 02
0x00007ff942eafdcf:   00 00 e8 ea 9a ed ff 4c 8d 5c 24 60 90 49 8b 6b
0x00007ff942eafddf:   20 49 8b 73 28 c7 83 74 03 00 00 04 00 00 00 49
0x00007ff942eafdef:   8b 5b 18 49 8b e3 5f c3 cc cc cc cc cc cc cc cc
0x00007ff942eafdff:   cc 48 89 5c 24 10 48 89 6c 24 18 48 89 74 24 20
0x00007ff942eafe0f:   57 48 83 ec 60 8b 81 b8 00 00 00 48 8d 99 20 fd
0x00007ff942eafe1f:   ff ff 05 56 21 ff ff 49 8b e9 49 8b f0 83 f8 02
0x00007ff942eafe2f:   76 08 48 8b cb e8 e7 16 3c 00 c7 83 74 03 00 00
0x00007ff942eafe3f:   06 00 00 00 e8 78 ff 29 00 90 48 8b 83 78 03 00
0x00007ff942eafe4f:   00 a8 01 74 0d 45 33 c0 b2 01 48 8b cb e8 6f e6 


Stack slot to memory mapping:
stack at sp + 0 slots: 0x000001e43f551f30 is a thread
stack at sp + 1 slots: 0x00000080528fdd98 is pointing into the stack for thread: 0x000001e43f551f30
stack at sp + 2 slots: 0x00000080528fdd98 is pointing into the stack for thread: 0x000001e43f551f30
stack at sp + 3 slots: 0x000001e43f551f30 is a thread
stack at sp + 4 slots: 0x0 is NULL
stack at sp + 5 slots: 0x00007ff942e4d215 jvm.dll
stack at sp + 6 slots: 0x00000080528fdd90 is pointing into the stack for thread: 0x000001e43f551f30
stack at sp + 7 slots: 0x000000000000001d is an unknown value


Compiled method (c1)    4684 3196       1       java.lang.invoke.Invokers$Holder::invokeExact_MT (24 bytes)
 total in heap  [0x000001e42b647810,0x000001e42b647d78] = 1384
 relocation     [0x000001e42b647970,0x000001e42b6479d8] = 104
 main code      [0x000001e42b6479e0,0x000001e42b647b60] = 384
 stub code      [0x000001e42b647b60,0x000001e42b647bd8] = 120
 metadata       [0x000001e42b647bd8,0x000001e42b647c08] = 48
 scopes data    [0x000001e42b647c08,0x000001e42b647c98] = 144
 scopes pcs     [0x000001e42b647c98,0x000001e42b647d48] = 176
 dependencies   [0x000001e42b647d48,0x000001e42b647d58] = 16
 nul chk table  [0x000001e42b647d58,0x000001e42b647d78] = 32

[Constant Pool (empty)]

[MachCode]
[Verified Entry Point]
  # {method} {0x00000008000d46a0} 'invokeExact_MT' '(Ljava/lang/Object;Ljava/lang/Object;Ljava/lang/Object;Ljava/lang/Object;)Ljava/lang/Object;' in 'java/lang/invoke/Invokers$Holder'
  # parm0:    rdx:rdx   = 'java/lang/Object'
  # parm1:    r8:r8     = 'java/lang/Object'
  # parm2:    r9:r9     = 'java/lang/Object'
  # parm3:    rdi:rdi   = 'java/lang/Object'
  #           [sp+0x90]  (sp of caller)
  0x000001e42b6479e0: 8984 2400 | 90ff ff55 | 4881 ec80 | 0000 004c | 8944 2448 | 4c89 4c24 | 5048 897c | 2460 4883 
  0x000001e42b647a00: fa00 0f84 | 2900 0000 

  0x000001e42b647a08: ;   {metadata('java/lang/invoke/MethodHandle')}
  0x000001e42b647a08: 48b9 c099 | 0a00 0800 | 0000 8b42 | 0849 ba00 | 0000 0008 | 0000 0049 | 03c2 483b | 4838 0f85 
  0x000001e42b647a28: d300 0000 | e900 0000 | 0048 8bf2 | 4889 7424 | 5848 83ff | 000f 8428 

  0x000001e42b647a40: ;   {metadata('java/lang/invoke/MethodType')}
  0x000001e42b647a40: 0000 0048 | b908 ac0a | 0008 0000 | 008b 5708 | 49ba 0000 | 0000 0800 | 0000 4903 | d248 3bca 
  0x000001e42b647a60: 0f85 a200 | 0000 e900 | 0000 0048 | 8bdf 8b46 | 1048 c1e0 | 0348 3bc3 | 0f85 5400 | 0000 8b56 
  0x000001e42b647a80: 1448 c1e2 | 038b 521c | 48c1 e203 | 4883 fa00 | 0f85 0e00 | 0000 488b | d666 0f1f 

  0x000001e42b647a9c: ;   {static_call}
  0x000001e42b647a9c: 4400 00e8 

  0x000001e42b647aa0: ; ImmutableOopMap {[72]=Oop [80]=Oop [88]=Oop [96]=Oop }
                      ;*invokestatic maybeCustomize {reexecute=0 rethrow=0 return_oop=0}
                      ; - java.lang.invoke.Invokers::checkCustomized@19 (line 628)
                      ; - java.lang.invoke.Invokers$Holder::invokeExact_MT@14
  0x000001e42b647aa0: 7ca8 bfff | 4c8b 4424 | 484c 8b4c | 2450 488b | 5424 580f 

  0x000001e42b647ab4: ;   {optimized virtual_call}
  0x000001e42b647ab4: 1f40 00e8 

  0x000001e42b647ab8: ; ImmutableOopMap {[72]=Oop [80]=Oop [88]=Oop [96]=Oop }
                      ;*invokevirtual invokeBasic {reexecute=0 rethrow=0 return_oop=0}
                      ; - java.lang.invoke.Invokers$Holder::invokeExact_MT@20
  0x000001e42b647ab8: c49f a8ff | 4881 c480 | 0000 005d 

  0x000001e42b647ac4: ;   {poll_return}
  0x000001e42b647ac4: 493b a778 | 0300 000f | 874a 0000 | 00c3 488b | d34c 8bc0 | 4889 5c24 | 7048 8944 | 2468 0f1f 
  0x000001e42b647ae4: ;   {static_call}
  0x000001e42b647ae4: 4400 00e8 

  0x000001e42b647ae8: ; ImmutableOopMap {[72]=Oop [80]=Oop [88]=Oop [96]=Oop [104]=Oop [112]=Oop }
                      ;*invokestatic newWrongMethodTypeException {reexecute=0 rethrow=0 return_oop=0}
                      ; - java.lang.invoke.Invokers::checkExactType@12 (line 532)
                      ; - java.lang.invoke.Invokers$Holder::invokeExact_MT@10
  0x000001e42b647ae8: 94a5 84ff 

  0x000001e42b647aec: ; implicit exception: dispatches to 0x000001e42b647b31
                      ; ImmutableOopMap {rax=Oop [72]=Oop [80]=Oop [88]=Oop [96]=Oop [104]=Oop [112]=Oop }
                      ;*athrow {reexecute=1 rethrow=0 return_oop=0}
                      ; - (reexecute) java.lang.invoke.Invokers::checkExactType@15 (line 532)
                      ; - java.lang.invoke.Invokers$Holder::invokeExact_MT@10
                      ;   {section_word}
  0x000001e42b647aec: 483b 0048 | baef 7a64 | 2be4 0100 

  0x000001e42b647af8: ;   {runtime_call handle_exception_nofpu Runtime1 stub}
  0x000001e42b647af8: 00e8 8225 | 90ff 9048 

  0x000001e42b647b00: ;   {runtime_call throw_class_cast_exception Runtime1 stub}
  0x000001e42b647b00: 8914 24e8 

  0x000001e42b647b04: ; ImmutableOopMap {rdx=Oop r8=Oop r9=Oop rdi=Oop [72]=Oop [80]=Oop [96]=Oop }
                      ;*checkcast {reexecute=0 rethrow=0 return_oop=0}
                      ; - java.lang.invoke.Invokers$Holder::invokeExact_MT@1
  0x000001e42b647b04: 9834 90ff | 4889 3c24 

  0x000001e42b647b0c: ;   {runtime_call throw_class_cast_exception Runtime1 stub}
  0x000001e42b647b0c: e88f 3490 

  0x000001e42b647b10: ; ImmutableOopMap {r8=Oop r9=Oop rdi=Oop rsi=Oop [72]=Oop [80]=Oop [88]=Oop [96]=Oop }
                      ;*checkcast {reexecute=0 rethrow=0 return_oop=0}
                      ; - java.lang.invoke.Invokers$Holder::invokeExact_MT@7
                      ;   {runtime_call throw_null_pointer_exception Runtime1 stub}
  0x000001e42b647b10: ffe8 8a04 

  0x000001e42b647b14: ; ImmutableOopMap {r8=Oop r9=Oop rdi=Oop rsi=Oop rbx=Oop [72]=Oop [80]=Oop [88]=Oop [96]=Oop }
                      ;*invokevirtual type {reexecute=0 rethrow=0 return_oop=0}
                      ; - java.lang.invoke.Invokers::checkExactType@1 (line 530)
                      ; - java.lang.invoke.Invokers$Holder::invokeExact_MT@10
                      ;   {runtime_call throw_null_pointer_exception Runtime1 stub}
  0x000001e42b647b14: 90ff e885 

  0x000001e42b647b18: ; ImmutableOopMap {r8=Oop r9=Oop rdi=Oop rsi=Oop [72]=Oop [80]=Oop [88]=Oop [96]=Oop }
                      ;*getfield customized {reexecute=1 rethrow=0 return_oop=0}
                      ; - (reexecute) java.lang.invoke.Invokers::checkCustomized@12 (line 627)
                      ; - java.lang.invoke.Invokers$Holder::invokeExact_MT@14
                      ;   {internal_word}
  0x000001e42b647b18: 0490 ff49 | bac4 7a64 | 2be4 0100 | 004d 8997 | 9003 0000 

  0x000001e42b647b2c: ;   {runtime_call SafepointBlob}
  0x000001e42b647b2c: e9cf 0285 

  0x000001e42b647b30: ;   {runtime_call throw_null_pointer_exception Runtime1 stub}
  0x000001e42b647b30: ffe8 6a04 

  0x000001e42b647b34: ; ImmutableOopMap {rax=Oop [72]=Oop [80]=Oop [88]=Oop [96]=Oop [104]=Oop [112]=Oop }
                      ;*athrow {reexecute=1 rethrow=0 return_oop=0}
                      ; - (reexecute) java.lang.invoke.Invokers::checkExactType@15 (line 532)
                      ; - java.lang.invoke.Invokers$Holder::invokeExact_MT@10
  0x000001e42b647b34: 90ff 498b | 8720 0400 | 0049 c787 | 2004 0000 | 0000 0000 | 49c7 8728 | 0400 0000 | 0000 0048 
  0x000001e42b647b54: 81c4 8000 

  0x000001e42b647b58: ;   {runtime_call unwind_exception Runtime1 stub}
  0x000001e42b647b58: 0000 5de9 | 20f5 8fff 
[Stub Code]
  0x000001e42b647b60: ;   {no_reloc}
  0x000001e42b647b60: 0f1f 4400 

  0x000001e42b647b64: ;   {static_stub}
  0x000001e42b647b64: 0048 bb00 | 0000 0000 

  0x000001e42b647b6c: ;   {runtime_call}
  0x000001e42b647b6c: 0000 00e9 | fbff ffff 

  0x000001e42b647b74: ;   {static_stub}
  0x000001e42b647b74: 9048 bb00 | 0000 0000 

  0x000001e42b647b7c: ;   {runtime_call}
  0x000001e42b647b7c: 0000 00e9 | fbff ffff 

  0x000001e42b647b84: ;   {static_stub}
  0x000001e42b647b84: 9048 bb00 | 0000 0000 

  0x000001e42b647b8c: ;   {runtime_call}
  0x000001e42b647b8c: 0000 00e9 | fbff ffff 
[Exception Handler]
  0x000001e42b647b94: ;   {runtime_call handle_exception_from_callee Runtime1 stub}
  0x000001e42b647b94: e8e7 2a90 

  0x000001e42b647b98: ;   {external_word}
  0x000001e42b647b98: ff48 b938 | 493d 43f9 | 7f00 0048 

  0x000001e42b647ba4: ;   {runtime_call}
  0x000001e42b647ba4: 83e4 f049 | ba00 fe08 | 43f9 7f00 | 0041 ffd2 

  0x000001e42b647bb4: ;   {section_word}
  0x000001e42b647bb4: f449 bab5 | 7b64 2be4 | 0100 0041 

  0x000001e42b647bc0: ;   {runtime_call DeoptimizationBlob}
  0x000001e42b647bc0: 52e9 daf4 

  0x000001e42b647bc4: ;   {section_word}
  0x000001e42b647bc4: 84ff 49ba | c67b 642b | e401 0000 

  0x000001e42b647bd0: ;   {runtime_call DeoptimizationBlob}
  0x000001e42b647bd0: 4152 e9c9 | f484 fff4 
[/MachCode]


---------------  P R O C E S S  ---------------

Threads class SMR info:
_java_thread_list=0x000001e43f577000, length=95, elements={
0x000001e422ecc3a0, 0x000001e4391c9d70, 0x000001e4391cab60, 0x000001e4391cf2e0,
0x000001e4391d20e0, 0x000001e4391d5c90, 0x000001e4391d85d0, 0x000001e4391dab20,
0x000001e4391e6dd0, 0x000001e43d4c5930, 0x000001e43d4d1eb0, 0x000001e43d4d8730,
0x000001e43d7f2ec0, 0x000001e43d81fa00, 0x000001e43d8234f0, 0x000001e43d8a2fc0,
0x000001e43d9d2de0, 0x000001e43e7897c0, 0x000001e43e817580, 0x000001e43e8167f0,
0x000001e43e78e910, 0x000001e43e84f020, 0x000001e43e851570, 0x000001e43e855080,
0x000001e43e857060, 0x000001e43e855b20, 0x000001e43e8545e0, 0x000001e43e854b30,
0x000001e43e856070, 0x000001e43e8565c0, 0x000001e43e856b10, 0x000001e43f0f2840,
0x000001e43f0f1da0, 0x000001e43f0f0db0, 0x000001e43f0f62b0, 0x000001e43f0f2d90,
0x000001e43f0ef320, 0x000001e43f0f32e0, 0x000001e43f0f5d60, 0x000001e43f0f3830,
0x000001e43f0f3d80, 0x000001e43f0f42d0, 0x000001e43f0f52c0, 0x000001e43f0f6800,
0x000001e43f0f5810, 0x000001e43f0ef870, 0x000001e43f0f22f0, 0x000001e43f0f4820,
0x000001e43f0f4d70, 0x000001e43f0efdc0, 0x000001e43f0f0310, 0x000001e43f0f0860,
0x000001e43f0f1300, 0x000001e43f0f1850, 0x000001e43f5559a0, 0x000001e43f54f4b0,
0x000001e43f5529d0, 0x000001e43f5549b0, 0x000001e43f552f20, 0x000001e43f54e4c0,
0x000001e43f552480, 0x000001e43f555ef0, 0x000001e43f54fa00, 0x000001e43f553470,
0x000001e43f551f30, 0x000001e43f5539c0, 0x000001e43f553f10, 0x000001e43f54ea10,
0x000001e43f5504a0, 0x000001e43f54ef60, 0x000001e43f555450, 0x000001e43f554460,
0x000001e43f54ff50, 0x000001e43f5509f0, 0x000001e43f551490, 0x000001e43f554f00,
0x000001e43f550f40, 0x000001e43f5519e0, 0x000001e43f626a30, 0x000001e43f62a4a0,
0x000001e43f627a20, 0x000001e43f62b9e0, 0x000001e43f627f70, 0x000001e43f62a9f0,
0x000001e43f62cf20, 0x000001e43f6284c0, 0x000001e43f625a40, 0x000001e43f6274d0,
0x000001e43f62d470, 0x000001e43f628a10, 0x000001e43f628f60, 0x000001e43f62bf30,
0x000001e43f625f90, 0x000001e43f629f50, 0x000001e43f62af40
}

Java Threads: ( => current thread )
  0x000001e422ecc3a0 JavaThread "main" [_thread_blocked, id=13784, stack(0x000000804d900000,0x000000804da00000)]
  0x000001e4391c9d70 JavaThread "Reference Handler" daemon [_thread_blocked, id=9340, stack(0x000000804e000000,0x000000804e100000)]
  0x000001e4391cab60 JavaThread "Finalizer" daemon [_thread_blocked, id=11300, stack(0x000000804e100000,0x000000804e200000)]
  0x000001e4391cf2e0 JavaThread "Signal Dispatcher" daemon [_thread_blocked, id=20112, stack(0x000000804e200000,0x000000804e300000)]
  0x000001e4391d20e0 JavaThread "Attach Listener" daemon [_thread_blocked, id=16828, stack(0x000000804e300000,0x000000804e400000)]
  0x000001e4391d5c90 JavaThread "Service Thread" daemon [_thread_blocked, id=8612, stack(0x000000804e400000,0x000000804e500000)]
  0x000001e4391d85d0 JavaThread "Monitor Deflation Thread" daemon [_thread_blocked, id=6300, stack(0x000000804e500000,0x000000804e600000)]
  0x000001e4391dab20 JavaThread "C1 CompilerThread0" daemon [_thread_blocked, id=12904, stack(0x000000804e600000,0x000000804e700000)]
  0x000001e4391e6dd0 JavaThread "Sweeper thread" daemon [_thread_blocked, id=18128, stack(0x000000804e700000,0x000000804e800000)]
  0x000001e43d4c5930 JavaThread "Common-Cleaner" daemon [_thread_blocked, id=17804, stack(0x000000804e800000,0x000000804e900000)]
  0x000001e43d4d1eb0 JavaThread "C1 CompilerThread1" daemon [_thread_blocked, id=9768, stack(0x000000804e900000,0x000000804ea00000)]
  0x000001e43d4d8730 JavaThread "C1 CompilerThread2" daemon [_thread_blocked, id=3056, stack(0x000000804ea00000,0x000000804eb00000)]
  0x000001e43d7f2ec0 JavaThread "JDWP Transport Listener: dt_socket" daemon [_thread_in_native, id=5936, stack(0x000000804eb00000,0x000000804ec00000)]
  0x000001e43d81fa00 JavaThread "JDWP Event Helper Thread" daemon [_thread_blocked, id=8236, stack(0x000000804ec00000,0x000000804ed00000)]
  0x000001e43d8234f0 JavaThread "Notification Thread" daemon [_thread_blocked, id=12936, stack(0x000000804ed00000,0x000000804ee00000)]
  0x000001e43d8a2fc0 JavaThread "Reference Reaper #1" daemon [_thread_blocked, id=1164, stack(0x000000804ef00000,0x000000804f000000)]
  0x000001e43d9d2de0 JavaThread "C1 CompilerThread3" daemon [_thread_blocked, id=1804, stack(0x000000804f000000,0x000000804f100000)]
  0x000001e43e7897c0 JavaThread "Quarkus Devmode keep alive thread" [_thread_blocked, id=11604, stack(0x000000804f800000,0x000000804f900000)]
  0x000001e43e817580 JavaThread "ForkJoinPool.commonPool-worker-1" daemon [_thread_blocked, id=7336, stack(0x000000804fa00000,0x000000804fb00000)]
  0x000001e43e8167f0 JavaThread "ForkJoinPool.commonPool-worker-2" daemon [_thread_blocked, id=2040, stack(0x000000804fb00000,0x000000804fc00000)]
  0x000001e43e78e910 JavaThread "ForkJoinPool.commonPool-worker-3" daemon [_thread_blocked, id=7052, stack(0x000000804fc00000,0x000000804fd00000)]
  0x000001e43e84f020 JavaThread "ForkJoinPool.commonPool-worker-4" daemon [_thread_blocked, id=11576, stack(0x000000804fd00000,0x000000804fe00000)]
  0x000001e43e851570 JavaThread "ForkJoinPool.commonPool-worker-5" daemon [_thread_blocked, id=5096, stack(0x000000804fe00000,0x000000804ff00000)]
  0x000001e43e855080 JavaThread "ForkJoinPool.commonPool-worker-6" daemon [_thread_blocked, id=19104, stack(0x000000804ff00000,0x0000008050000000)]
  0x000001e43e857060 JavaThread "ForkJoinPool.commonPool-worker-7" daemon [_thread_blocked, id=20960, stack(0x0000008050000000,0x0000008050100000)]
  0x000001e43e855b20 JavaThread "build-2" [_thread_blocked, id=18424, stack(0x0000008050100000,0x0000008050200000)]
  0x000001e43e8545e0 JavaThread "build-3" [_thread_blocked, id=2636, stack(0x0000008050200000,0x0000008050300000)]
  0x000001e43e854b30 JavaThread "build-4" [_thread_blocked, id=1960, stack(0x0000008050300000,0x0000008050400000)]
  0x000001e43e856070 JavaThread "build-5" [_thread_blocked, id=4216, stack(0x0000008050400000,0x0000008050500000)]
  0x000001e43e8565c0 JavaThread "build-6" [_thread_blocked, id=8004, stack(0x0000008050500000,0x0000008050600000)]
  0x000001e43e856b10 JavaThread "build-7" [_thread_blocked, id=15196, stack(0x0000008050600000,0x0000008050700000)]
  0x000001e43f0f2840 JavaThread "build-8" [_thread_blocked, id=3468, stack(0x0000008050700000,0x0000008050800000)]
  0x000001e43f0f1da0 JavaThread "build-9" [_thread_blocked, id=20472, stack(0x0000008050800000,0x0000008050900000)]
  0x000001e43f0f0db0 JavaThread "build-10" [_thread_blocked, id=17528, stack(0x0000008050900000,0x0000008050a00000)]
  0x000001e43f0f62b0 JavaThread "build-11" [_thread_blocked, id=13852, stack(0x0000008050a00000,0x0000008050b00000)]
  0x000001e43f0f2d90 JavaThread "build-12" [_thread_blocked, id=6616, stack(0x0000008050b00000,0x0000008050c00000)]
  0x000001e43f0ef320 JavaThread "build-13" [_thread_blocked, id=20660, stack(0x0000008050c00000,0x0000008050d00000)]
  0x000001e43f0f32e0 JavaThread "build-14" [_thread_blocked, id=14644, stack(0x0000008050d00000,0x0000008050e00000)]
  0x000001e43f0f5d60 JavaThread "build-15" [_thread_blocked, id=15884, stack(0x0000008050e00000,0x0000008050f00000)]
  0x000001e43f0f3830 JavaThread "build-16" [_thread_blocked, id=18084, stack(0x0000008050f00000,0x0000008051000000)]
  0x000001e43f0f3d80 JavaThread "build-17" [_thread_blocked, id=8676, stack(0x0000008051000000,0x0000008051100000)]
  0x000001e43f0f42d0 JavaThread "build-18" [_thread_blocked, id=4624, stack(0x0000008051100000,0x0000008051200000)]
  0x000001e43f0f52c0 JavaThread "build-19" [_thread_blocked, id=21312, stack(0x0000008051200000,0x0000008051300000)]
  0x000001e43f0f6800 JavaThread "build-20" [_thread_blocked, id=11356, stack(0x0000008051300000,0x0000008051400000)]
  0x000001e43f0f5810 JavaThread "build-21" [_thread_blocked, id=4052, stack(0x0000008051400000,0x0000008051500000)]
  0x000001e43f0ef870 JavaThread "build-22" [_thread_blocked, id=14424, stack(0x0000008051500000,0x0000008051600000)]
  0x000001e43f0f22f0 JavaThread "build-23" [_thread_blocked, id=6452, stack(0x0000008051600000,0x0000008051700000)]
  0x000001e43f0f4820 JavaThread "build-24" [_thread_blocked, id=13824, stack(0x0000008051700000,0x0000008051800000)]
  0x000001e43f0f4d70 JavaThread "build-25" [_thread_blocked, id=12996, stack(0x0000008051800000,0x0000008051900000)]
  0x000001e43f0efdc0 JavaThread "build-26" [_thread_blocked, id=8680, stack(0x0000008051900000,0x0000008051a00000)]
  0x000001e43f0f0310 JavaThread "build-27" [_thread_blocked, id=18288, stack(0x0000008051a00000,0x0000008051b00000)]
  0x000001e43f0f0860 JavaThread "build-28" [_thread_blocked, id=19392, stack(0x0000008051b00000,0x0000008051c00000)]
  0x000001e43f0f1300 JavaThread "build-29" [_thread_blocked, id=6464, stack(0x0000008051c00000,0x0000008051d00000)]
  0x000001e43f0f1850 JavaThread "build-30" [_thread_blocked, id=18700, stack(0x0000008051d00000,0x0000008051e00000)]
  0x000001e43f5559a0 JavaThread "build-31" [_thread_blocked, id=6360, stack(0x0000008051e00000,0x0000008051f00000)]
  0x000001e43f54f4b0 JavaThread "build-32" [_thread_blocked, id=18448, stack(0x0000008051f00000,0x0000008052000000)]
  0x000001e43f5529d0 JavaThread "build-33" [_thread_blocked, id=11804, stack(0x0000008052000000,0x0000008052100000)]
  0x000001e43f5549b0 JavaThread "build-34" [_thread_blocked, id=2392, stack(0x0000008052100000,0x0000008052200000)]
  0x000001e43f552f20 JavaThread "build-35" [_thread_blocked, id=20076, stack(0x0000008052200000,0x0000008052300000)]
  0x000001e43f54e4c0 JavaThread "build-36" [_thread_blocked, id=1576, stack(0x0000008052300000,0x0000008052400000)]
  0x000001e43f552480 JavaThread "build-37" [_thread_blocked, id=15368, stack(0x0000008052400000,0x0000008052500000)]
  0x000001e43f555ef0 JavaThread "build-38" [_thread_blocked, id=15092, stack(0x0000008052500000,0x0000008052600000)]
  0x000001e43f54fa00 JavaThread "build-39" [_thread_blocked, id=15260, stack(0x0000008052600000,0x0000008052700000)]
  0x000001e43f553470 JavaThread "build-40" [_thread_blocked, id=10652, stack(0x0000008052700000,0x0000008052800000)]
=>0x000001e43f551f30 JavaThread "build-41" [_thread_in_vm, id=5200, stack(0x0000008052800000,0x0000008052900000)]
  0x000001e43f5539c0 JavaThread "build-42" [_thread_blocked, id=18724, stack(0x0000008052900000,0x0000008052a00000)]
  0x000001e43f553f10 JavaThread "build-43" [_thread_blocked, id=4308, stack(0x0000008052a00000,0x0000008052b00000)]
  0x000001e43f54ea10 JavaThread "build-44" [_thread_blocked, id=18076, stack(0x0000008052b00000,0x0000008052c00000)]
  0x000001e43f5504a0 JavaThread "build-45" [_thread_blocked, id=16108, stack(0x0000008052c00000,0x0000008052d00000)]
  0x000001e43f54ef60 JavaThread "build-46" [_thread_blocked, id=18908, stack(0x0000008052d00000,0x0000008052e00000)]
  0x000001e43f555450 JavaThread "build-47" [_thread_blocked, id=20032, stack(0x0000008052e00000,0x0000008052f00000)]
  0x000001e43f554460 JavaThread "build-48" [_thread_blocked, id=14560, stack(0x0000008052f00000,0x0000008053000000)]
  0x000001e43f54ff50 JavaThread "build-49" [_thread_blocked, id=14104, stack(0x0000008053000000,0x0000008053100000)]
  0x000001e43f5509f0 JavaThread "build-50" [_thread_blocked, id=14440, stack(0x0000008053100000,0x0000008053200000)]
  0x000001e43f551490 JavaThread "build-51" [_thread_blocked, id=21144, stack(0x0000008053200000,0x0000008053300000)]
  0x000001e43f554f00 JavaThread "build-52" [_thread_blocked, id=13192, stack(0x0000008053300000,0x0000008053400000)]
  0x000001e43f550f40 JavaThread "build-53" [_thread_blocked, id=21464, stack(0x0000008053400000,0x0000008053500000)]
  0x000001e43f5519e0 JavaThread "build-54" [_thread_blocked, id=8792, stack(0x0000008053500000,0x0000008053600000)]
  0x000001e43f626a30 JavaThread "build-55" [_thread_blocked, id=19236, stack(0x0000008053600000,0x0000008053700000)]
  0x000001e43f62a4a0 JavaThread "build-56" [_thread_blocked, id=17228, stack(0x0000008053700000,0x0000008053800000)]
  0x000001e43f627a20 JavaThread "build-57" [_thread_blocked, id=20940, stack(0x0000008053800000,0x0000008053900000)]
  0x000001e43f62b9e0 JavaThread "build-58" [_thread_blocked, id=1688, stack(0x0000008053900000,0x0000008053a00000)]
  0x000001e43f627f70 JavaThread "build-59" [_thread_blocked, id=19844, stack(0x0000008053a00000,0x0000008053b00000)]
  0x000001e43f62a9f0 JavaThread "build-60" [_thread_blocked, id=16944, stack(0x0000008053b00000,0x0000008053c00000)]
  0x000001e43f62cf20 JavaThread "build-61" [_thread_blocked, id=19712, stack(0x0000008053c00000,0x0000008053d00000)]
  0x000001e43f6284c0 JavaThread "build-62" [_thread_blocked, id=19532, stack(0x0000008053d00000,0x0000008053e00000)]
  0x000001e43f625a40 JavaThread "build-63" [_thread_blocked, id=8696, stack(0x0000008053e00000,0x0000008053f00000)]
  0x000001e43f6274d0 JavaThread "build-64" [_thread_blocked, id=18916, stack(0x0000008053f00000,0x0000008054000000)]
  0x000001e43f62d470 JavaThread "build-65" [_thread_blocked, id=19004, stack(0x0000008054000000,0x0000008054100000)]
  0x000001e43f628a10 JavaThread "build-66" [_thread_blocked, id=2328, stack(0x0000008054100000,0x0000008054200000)]
  0x000001e43f628f60 JavaThread "build-67" [_thread_blocked, id=3752, stack(0x0000008054200000,0x0000008054300000)]
  0x000001e43f62bf30 JavaThread "build-68" [_thread_blocked, id=18428, stack(0x0000008054300000,0x0000008054400000)]
  0x000001e43f625f90 JavaThread "build-69" [_thread_blocked, id=9384, stack(0x0000008054400000,0x0000008054500000)]
  0x000001e43f629f50 JavaThread "build-70" [_thread_blocked, id=6632, stack(0x0000008054500000,0x0000008054600000)]
  0x000001e43f62af40 JavaThread "build-71" [_thread_blocked, id=6016, stack(0x0000008054600000,0x0000008054700000)]

Other Threads:
  0x000001e4391b19a0 VMThread "VM Thread" [stack: 0x000000804df00000,0x000000804e000000] [id=17576] _threads_hazard_ptr=0x000001e43f577000
  0x000001e43d824240 WatcherThread "VM Periodic Task Thread" [stack: 0x000000804ee00000,0x000000804ef00000] [id=5888]
  0x000001e422f32070 WorkerThread "GC Thread#0" [stack: 0x000000804da00000,0x000000804db00000] [id=3936]
  0x000001e43da7c5e0 WorkerThread "GC Thread#1" [stack: 0x000000804f100000,0x000000804f200000] [id=15680]
  0x000001e43da83540 WorkerThread "GC Thread#2" [stack: 0x000000804f200000,0x000000804f300000] [id=18324]
  0x000001e43da83db0 WorkerThread "GC Thread#3" [stack: 0x000000804f300000,0x000000804f400000] [id=17772]
  0x000001e43da83810 WorkerThread "GC Thread#4" [stack: 0x000000804f400000,0x000000804f500000] [id=2872]
  0x000001e43da84080 WorkerThread "GC Thread#5" [stack: 0x000000804f500000,0x000000804f600000] [id=19928]
  0x000001e43da82fa0 WorkerThread "GC Thread#6" [stack: 0x000000804f600000,0x000000804f700000] [id=6744]
  0x000001e43da84350 WorkerThread "GC Thread#7" [stack: 0x000000804f700000,0x000000804f800000] [id=10484]
  0x000001e43da82730 WorkerThread "GC Thread#8" [stack: 0x000000804f900000,0x000000804fa00000] [id=12800]
  0x000001e43ec86330 WorkerThread "GC Thread#9" [stack: 0x0000008054700000,0x0000008054800000] [id=6620]
  0x000001e422f40eb0 ConcurrentGCThread "G1 Main Marker" [stack: 0x000000804db00000,0x000000804dc00000] [id=4832]
  0x000001e422f418e0 WorkerThread "G1 Conc#0" [stack: 0x000000804dc00000,0x000000804dd00000] [id=20036]
  0x000001e43ec884f0 WorkerThread "G1 Conc#1" [stack: 0x0000008054800000,0x0000008054900000] [id=13504]
  0x000001e43ec87f50 WorkerThread "G1 Conc#2" [stack: 0x0000008054900000,0x0000008054a00000] [id=12268]
  0x000001e43906a2c0 ConcurrentGCThread "G1 Refine#0" [stack: 0x000000804dd00000,0x000000804de00000] [id=9688]
  0x000001e43906bd20 ConcurrentGCThread "G1 Service" [stack: 0x000000804de00000,0x000000804df00000] [id=13064]

Threads with active compile tasks:
C1 CompilerThread0     4712 4916       1       org.yaml.snakeyaml.tokens.Token::getEndMark (5 bytes)
C1 CompilerThread1     4712 4918       1       org.yaml.snakeyaml.reader.StreamReader::getLine (5 bytes)
C1 CompilerThread2     4712 4919       1       org.yaml.snakeyaml.nodes.Tag::hashCode (8 bytes)
C1 CompilerThread3     4712 4914       1       org.yaml.snakeyaml.parser.ParserImpl::access$500 (5 bytes)

VM state: not at safepoint (normal execution)

VM Mutex/Monitor currently owned by a thread:  ([mutex/lock_event])
[0x000001e422ec7420] Compile_lock - owner thread: 0x000001e43f0efdc0

Heap address: 0x0000000722c00000, size: 3540 MB, Compressed Oops mode: Zero based, Oop shift amount: 3

CDS archive(s) mapped at: [0x0000000800000000-0x0000000800c40000-0x0000000800c40000), size 12845056, SharedBaseAddress: 0x0000000800000000, ArchiveRelocationMode: 0.
Compressed class space mapped at: 0x0000000801000000-0x0000000841000000, reserved size: 1073741824
Narrow klass base: 0x0000000800000000, Narrow klass shift: 0, Narrow klass range: 0x100000000

GC Precious Log:
 CardTable entry size: 512
 Card Set container configuration: InlinePtr #cards 4 size 8 Array Of Cards #cards 16 size 48 Howl #buckets 8 coarsen threshold 3686 Howl Bitmap #cards 512 size 80 coarsen threshold 460 Card regions per heap region 1 cards per card region 4096
 CPUs: 12 total, 12 available
 Memory: 14158M
 Large Page Support: Disabled
 NUMA Support: Disabled
 Compressed Oops: Enabled (Zero based)
 Heap Region Size: 2M
 Heap Min Capacity: 8M
 Heap Initial Capacity: 222M
 Heap Max Capacity: 3540M
 Pre-touch: Disabled
 Parallel Workers: 10
 Concurrent Workers: 3
 Concurrent Refinement Workers: 10
 Periodic GC: Disabled

Heap:
 garbage-first heap   total 137216K, used 100928K [0x0000000722c00000, 0x0000000800000000)
  region size 2048K, 36 young (73728K), 3 survivors (6144K)
 Metaspace       used 24143K, committed 25344K, reserved 1114112K
  class space    used 3441K, committed 4032K, reserved 1048576K

Heap Regions: E=young(eden), S=young(survivor), O=old, HS=humongous(starts), HC=humongous(continues), CS=collection set, F=free, OA=open archive, CA=closed archive, TAMS=top-at-mark-start (previous, next)
|   0|0x0000000722c00000, 0x0000000722e00000, 0x0000000722e00000|100%| O|  |TAMS 0x0000000722e00000, 0x0000000722c00000| Untracked 
|   1|0x0000000722e00000, 0x0000000723000000, 0x0000000723000000|100%| O|  |TAMS 0x0000000723000000, 0x0000000722e00000| Untracked 
|   2|0x0000000723000000, 0x0000000723200000, 0x0000000723200000|100%| O|  |TAMS 0x0000000723200000, 0x0000000723000000| Untracked 
|   3|0x0000000723200000, 0x0000000723400000, 0x0000000723400000|100%| O|  |TAMS 0x0000000723400000, 0x0000000723200000| Untracked 
|   4|0x0000000723400000, 0x0000000723600000, 0x0000000723600000|100%| O|  |TAMS 0x0000000723600000, 0x0000000723400000| Untracked 
|   5|0x0000000723600000, 0x0000000723800000, 0x0000000723800000|100%| O|  |TAMS 0x0000000723800000, 0x0000000723600000| Untracked 
|   6|0x0000000723800000, 0x0000000723a00000, 0x0000000723a00000|100%| O|  |TAMS 0x0000000723a00000, 0x0000000723800000| Untracked 
|   7|0x0000000723a00000, 0x0000000723c00000, 0x0000000723c00000|100%| O|  |TAMS 0x0000000723c00000, 0x0000000723a00000| Untracked 
|   8|0x0000000723c00000, 0x0000000723e00000, 0x0000000723e00000|100%| O|  |TAMS 0x0000000723c75e00, 0x0000000723c00000| Untracked 
|   9|0x0000000723e00000, 0x0000000724000000, 0x0000000724000000|100%| O|  |TAMS 0x0000000723e00000, 0x0000000723e00000| Untracked 
|  10|0x0000000724000000, 0x0000000724200000, 0x0000000724200000|100%| O|  |TAMS 0x0000000724000000, 0x0000000724000000| Untracked 
|  11|0x0000000724200000, 0x0000000724400000, 0x0000000724400000|100%| O|  |TAMS 0x0000000724200000, 0x0000000724200000| Untracked 
|  12|0x0000000724400000, 0x0000000724600000, 0x0000000724600000|100%| O|  |TAMS 0x0000000724400000, 0x0000000724400000| Untracked 
|  13|0x0000000724600000, 0x0000000724800000, 0x0000000724800000|100%| O|  |TAMS 0x0000000724600000, 0x0000000724600000| Untracked 
|  14|0x0000000724800000, 0x0000000724890000, 0x0000000724a00000| 28%| O|  |TAMS 0x0000000724800000, 0x0000000724800000| Complete 
|  15|0x0000000724a00000, 0x0000000724a00000, 0x0000000724c00000|  0%| F|  |TAMS 0x0000000724a00000, 0x0000000724a00000| Untracked 
|  16|0x0000000724c00000, 0x0000000724c00000, 0x0000000724e00000|  0%| F|  |TAMS 0x0000000724c00000, 0x0000000724c00000| Untracked 
|  17|0x0000000724e00000, 0x0000000724e00000, 0x0000000725000000|  0%| F|  |TAMS 0x0000000724e00000, 0x0000000724e00000| Untracked 
|  18|0x0000000725000000, 0x0000000725000000, 0x0000000725200000|  0%| F|  |TAMS 0x0000000725000000, 0x0000000725000000| Untracked 
|  19|0x0000000725200000, 0x0000000725200000, 0x0000000725400000|  0%| F|  |TAMS 0x0000000725200000, 0x0000000725200000| Untracked 
|  20|0x0000000725400000, 0x0000000725400000, 0x0000000725600000|  0%| F|  |TAMS 0x0000000725400000, 0x0000000725400000| Untracked 
|  21|0x0000000725600000, 0x0000000725600000, 0x0000000725800000|  0%| F|  |TAMS 0x0000000725600000, 0x0000000725600000| Untracked 
|  22|0x0000000725800000, 0x0000000725800000, 0x0000000725a00000|  0%| F|  |TAMS 0x0000000725800000, 0x0000000725800000| Untracked 
|  23|0x0000000725a00000, 0x0000000725a00000, 0x0000000725c00000|  0%| F|  |TAMS 0x0000000725a00000, 0x0000000725a00000| Untracked 
|  24|0x0000000725c00000, 0x0000000725c00000, 0x0000000725e00000|  0%| F|  |TAMS 0x0000000725c00000, 0x0000000725c00000| Untracked 
|  25|0x0000000725e00000, 0x0000000725e00000, 0x0000000726000000|  0%| F|  |TAMS 0x0000000725e00000, 0x0000000725e00000| Untracked 
|  26|0x0000000726000000, 0x0000000726000000, 0x0000000726200000|  0%| F|  |TAMS 0x0000000726000000, 0x0000000726000000| Untracked 
|  27|0x0000000726200000, 0x0000000726200000, 0x0000000726400000|  0%| F|  |TAMS 0x0000000726200000, 0x0000000726200000| Untracked 
|  28|0x0000000726400000, 0x0000000726400000, 0x0000000726600000|  0%| F|  |TAMS 0x0000000726400000, 0x0000000726400000| Untracked 
|  29|0x0000000726600000, 0x0000000726600000, 0x0000000726800000|  0%| F|  |TAMS 0x0000000726600000, 0x0000000726600000| Untracked 
|  30|0x0000000726800000, 0x0000000726800000, 0x0000000726a00000|  0%| F|  |TAMS 0x0000000726800000, 0x0000000726800000| Untracked 
|  31|0x0000000726a00000, 0x0000000726a750b0, 0x0000000726c00000| 22%| E|  |TAMS 0x0000000726a00000, 0x0000000726a00000| Complete 
|  32|0x0000000726c00000, 0x0000000726e00000, 0x0000000726e00000|100%| E|CS|TAMS 0x0000000726c00000, 0x0000000726c00000| Complete 
|  33|0x0000000726e00000, 0x0000000727000000, 0x0000000727000000|100%| E|CS|TAMS 0x0000000726e00000, 0x0000000726e00000| Complete 
|  34|0x0000000727000000, 0x0000000727200000, 0x0000000727200000|100%| E|CS|TAMS 0x0000000727000000, 0x0000000727000000| Complete 
|  35|0x0000000727200000, 0x0000000727400000, 0x0000000727400000|100%| E|CS|TAMS 0x0000000727200000, 0x0000000727200000| Complete 
|  36|0x0000000727400000, 0x0000000727600000, 0x0000000727600000|100%| E|CS|TAMS 0x0000000727400000, 0x0000000727400000| Complete 
|  37|0x0000000727600000, 0x0000000727800000, 0x0000000727800000|100%| E|CS|TAMS 0x0000000727600000, 0x0000000727600000| Complete 
|  38|0x0000000727800000, 0x0000000727a00000, 0x0000000727a00000|100%| E|CS|TAMS 0x0000000727800000, 0x0000000727800000| Complete 
|  39|0x0000000727a00000, 0x0000000727c00000, 0x0000000727c00000|100%| E|CS|TAMS 0x0000000727a00000, 0x0000000727a00000| Complete 
|  40|0x0000000727c00000, 0x0000000727e00000, 0x0000000727e00000|100%| E|CS|TAMS 0x0000000727c00000, 0x0000000727c00000| Complete 
|  41|0x0000000727e00000, 0x0000000728000000, 0x0000000728000000|100%| E|CS|TAMS 0x0000000727e00000, 0x0000000727e00000| Complete 
|  42|0x0000000728000000, 0x0000000728200000, 0x0000000728200000|100%| E|CS|TAMS 0x0000000728000000, 0x0000000728000000| Complete 
|  43|0x0000000728200000, 0x0000000728400000, 0x0000000728400000|100%| E|CS|TAMS 0x0000000728200000, 0x0000000728200000| Complete 
|  44|0x0000000728400000, 0x0000000728600000, 0x0000000728600000|100%| E|CS|TAMS 0x0000000728400000, 0x0000000728400000| Complete 
|  45|0x0000000728600000, 0x0000000728800000, 0x0000000728800000|100%| E|CS|TAMS 0x0000000728600000, 0x0000000728600000| Complete 
|  46|0x0000000728800000, 0x0000000728a00000, 0x0000000728a00000|100%| E|CS|TAMS 0x0000000728800000, 0x0000000728800000| Complete 
|  47|0x0000000728a00000, 0x0000000728c00000, 0x0000000728c00000|100%| E|CS|TAMS 0x0000000728a00000, 0x0000000728a00000| Complete 
|  48|0x0000000728c00000, 0x0000000728e00000, 0x0000000728e00000|100%| E|CS|TAMS 0x0000000728c00000, 0x0000000728c00000| Complete 
|  49|0x0000000728e00000, 0x0000000729000000, 0x0000000729000000|100%| E|CS|TAMS 0x0000000728e00000, 0x0000000728e00000| Complete 
|  50|0x0000000729000000, 0x0000000729200000, 0x0000000729200000|100%| E|CS|TAMS 0x0000000729000000, 0x0000000729000000| Complete 
|  51|0x0000000729200000, 0x0000000729400000, 0x0000000729400000|100%| E|CS|TAMS 0x0000000729200000, 0x0000000729200000| Complete 
|  52|0x0000000729400000, 0x0000000729600000, 0x0000000729600000|100%| E|CS|TAMS 0x0000000729400000, 0x0000000729400000| Complete 
|  53|0x0000000729600000, 0x0000000729800000, 0x0000000729800000|100%| E|CS|TAMS 0x0000000729600000, 0x0000000729600000| Complete 
|  54|0x0000000729800000, 0x0000000729a00000, 0x0000000729a00000|100%| E|CS|TAMS 0x0000000729800000, 0x0000000729800000| Complete 
|  55|0x0000000729a00000, 0x0000000729c00000, 0x0000000729c00000|100%| E|CS|TAMS 0x0000000729a00000, 0x0000000729a00000| Complete 
|  56|0x0000000729c00000, 0x0000000729e00000, 0x0000000729e00000|100%| E|CS|TAMS 0x0000000729c00000, 0x0000000729c00000| Complete 
|  57|0x0000000729e00000, 0x000000072a000000, 0x000000072a000000|100%| E|CS|TAMS 0x0000000729e00000, 0x0000000729e00000| Complete 
|  58|0x000000072a000000, 0x000000072a200000, 0x000000072a200000|100%| E|CS|TAMS 0x000000072a000000, 0x000000072a000000| Complete 
|  59|0x000000072a200000, 0x000000072a400000, 0x000000072a400000|100%| E|CS|TAMS 0x000000072a200000, 0x000000072a200000| Complete 
|  60|0x000000072a400000, 0x000000072a600000, 0x000000072a600000|100%| E|CS|TAMS 0x000000072a400000, 0x000000072a400000| Complete 
|  61|0x000000072a600000, 0x000000072a800000, 0x000000072a800000|100%| E|CS|TAMS 0x000000072a600000, 0x000000072a600000| Complete 
|  76|0x000000072c400000, 0x000000072c600000, 0x000000072c600000|100%| S|CS|TAMS 0x000000072c400000, 0x000000072c400000| Complete 
|  77|0x000000072c600000, 0x000000072c800000, 0x000000072c800000|100%| S|CS|TAMS 0x000000072c600000, 0x000000072c600000| Complete 
|  78|0x000000072c800000, 0x000000072ca00000, 0x000000072ca00000|100%| S|CS|TAMS 0x000000072c800000, 0x000000072c800000| Complete 
| 109|0x0000000730600000, 0x0000000730800000, 0x0000000730800000|100%| E|CS|TAMS 0x0000000730600000, 0x0000000730600000| Complete 
| 110|0x0000000730800000, 0x0000000730a00000, 0x0000000730a00000|100%| E|CS|TAMS 0x0000000730800000, 0x0000000730800000| Complete 

Card table byte_map: [0x000001e42e850000,0x000001e42ef40000] _byte_map_base: 0x000001e42af3a000

Marking Bits (Prev, Next): (CMBitMap*) 0x000001e422f326e0, (CMBitMap*) 0x000001e422f326a0
 Prev Bits: [0x000001e432d80000, 0x000001e4364d0000)
 Next Bits: [0x000001e42f630000, 0x000001e432d80000)

Polling page: 0x000001e422690000

Metaspace:

Usage:
  Non-class:     20.22 MB used.
      Class:      3.36 MB used.
       Both:     23.58 MB used.

Virtual space:
  Non-class space:       64.00 MB reserved,      20.81 MB ( 33%) committed,  1 nodes.
      Class space:        1.00 GB reserved,       3.94 MB ( <1%) committed,  1 nodes.
             Both:        1.06 GB reserved,      24.75 MB (  2%) committed. 

Chunk freelists:
   Non-Class:  3.09 MB
       Class:  32.00 KB
        Both:  3.12 MB

MaxMetaspaceSize: unlimited
CompressedClassSpaceSize: 1.00 GB
Initial GC threshold: 21.00 MB
Current GC threshold: 35.25 MB
CDS: on
MetaspaceReclaimPolicy: balanced
 - commit_granule_bytes: 65536.
 - commit_granule_words: 8192.
 - virtual_space_node_default_size: 8388608.
 - enlarge_chunks_in_place: 1.
 - new_chunks_are_fully_committed: 0.
 - uncommit_free_chunks: 1.
 - use_allocation_guard: 0.


Internal statistics:

num_allocs_failed_limit: 3.
num_arena_births: 1998.
num_arena_deaths: 0.
num_vsnodes_births: 2.
num_vsnodes_deaths: 0.
num_space_committed: 396.
num_space_uncommitted: 0.
num_chunks_returned_to_freelist: 3.
num_chunks_taken_from_freelist: 3367.
num_chunk_merges: 3.
num_chunk_splits: 2012.
num_chunks_enlarged: 993.
num_inconsistent_stats: 0.

CodeCache: size=49152Kb used=11319Kb max_used=11319Kb free=37833Kb
 bounds [0x000001e42ae30000, 0x000001e42b940000, 0x000001e42de30000]
 total_blobs=5461 nmethods=4908 adapters=474
 compilation: enabled
              stopped_count=0, restarted_count=0
 full_count=0

Compilation events (20 events):
Event: 4.637 Thread 0x000001e43d4d1eb0 nmethod 4888 0x000001e42b933590 code [0x000001e42b933720, 0x000001e42b9337f8]
Event: 4.637 Thread 0x000001e43d4d8730 nmethod 4889 0x000001e42b933890 code [0x000001e42b933a20, 0x000001e42b933af8]
Event: 4.637 Thread 0x000001e43d4d1eb0 4890       1       org.yaml.snakeyaml.nodes.Node::getType (5 bytes)
Event: 4.637 Thread 0x000001e43d9d2de0 4891       1       org.yaml.snakeyaml.nodes.Node::isTwoStepsConstruction (5 bytes)
Event: 4.638 Thread 0x000001e43d4d1eb0 nmethod 4890 0x000001e42b933b90 code [0x000001e42b933d20, 0x000001e42b933df8]
Event: 4.638 Thread 0x000001e43d9d2de0 nmethod 4891 0x000001e42b933e90 code [0x000001e42b934020, 0x000001e42b9340f8]
Event: 4.639 Thread 0x000001e4391dab20 nmethod 4881 0x000001e42b934190 code [0x000001e42b934680, 0x000001e42b9359a8]
Event: 4.640 Thread 0x000001e43d9d2de0 4892       1       io.quarkus.gizmo.MethodDescriptor::ofConstructor (14 bytes)
Event: 4.641 Thread 0x000001e43d9d2de0 nmethod 4892 0x000001e42b936a90 code [0x000001e42b936c80, 0x000001e42b9370c8]
Event: 4.645 Thread 0x000001e43d9d2de0 4894       1       java.io.OutputStream::<init> (5 bytes)
Event: 4.645 Thread 0x000001e43d9d2de0 nmethod 4894 0x000001e42b937690 code [0x000001e42b937820, 0x000001e42b9378d8]
Event: 4.645 Thread 0x000001e43d9d2de0 4895       1       java.util.stream.FindOps$FindOp::getOpFlags (5 bytes)
Event: 4.645 Thread 0x000001e43d9d2de0 nmethod 4895 0x000001e42b937c90 code [0x000001e42b937e20, 0x000001e42b937ed8]
Event: 4.646 Thread 0x000001e43d4d8730 4896       1       io.quarkus.deployment.proxy.ProxyConfiguration::getAnchorClass (5 bytes)
Event: 4.646 Thread 0x000001e43d9d2de0 4897       1       io.quarkus.deployment.proxy.ProxyConfiguration::getSuperClass (5 bytes)
Event: 4.646 Thread 0x000001e43d4d8730 nmethod 4896 0x000001e42b938310 code [0x000001e42b9384a0, 0x000001e42b938578]
Event: 4.646 Thread 0x000001e43d9d2de0 nmethod 4897 0x000001e42b938610 code [0x000001e42b9387a0, 0x000001e42b938878]
Event: 4.646 Thread 0x000001e43d9d2de0 4898       1       org.yaml.snakeyaml.parser.ParserImpl::checkEvent (29 bytes)
Event: 4.646 Thread 0x000001e43d4d8730 4899       1       org.objectweb.asm.SymbolTable$Entry::<init> (18 bytes)
Event: 4.646 Thread 0x000001e43d4d1eb0 4900       1       org.objectweb.asm.ClassReader::readUtf (161 bytes)

GC Heap History (10 events):
Event: 1.860 GC heap before
{Heap before GC invocations=0 (full 0):
 garbage-first heap   total 227328K, used 20480K [0x0000000722c00000, 0x0000000800000000)
  region size 2048K, 11 young (22528K), 0 survivors (0K)
 Metaspace       used 3904K, committed 4096K, reserved 1114112K
  class space    used 442K, committed 512K, reserved 1048576K
}
Event: 1.868 GC heap after
{Heap after GC invocations=1 (full 0):
 garbage-first heap   total 227328K, used 9598K [0x0000000722c00000, 0x0000000800000000)
  region size 2048K, 2 young (4096K), 2 survivors (4096K)
 Metaspace       used 3904K, committed 4096K, reserved 1114112K
  class space    used 442K, committed 512K, reserved 1048576K
}
Event: 2.194 GC heap before
{Heap before GC invocations=1 (full 0):
 garbage-first heap   total 227328K, used 25982K [0x0000000722c00000, 0x0000000800000000)
  region size 2048K, 11 young (22528K), 2 survivors (4096K)
 Metaspace       used 4174K, committed 4480K, reserved 1114112K
  class space    used 489K, committed 640K, reserved 1048576K
}
Event: 2.203 GC heap after
{Heap after GC invocations=2 (full 0):
 garbage-first heap   total 227328K, used 15411K [0x0000000722c00000, 0x0000000800000000)
  region size 2048K, 2 young (4096K), 2 survivors (4096K)
 Metaspace       used 4174K, committed 4480K, reserved 1114112K
  class space    used 489K, committed 640K, reserved 1048576K
}
Event: 2.490 GC heap before
{Heap before GC invocations=2 (full 0):
 garbage-first heap   total 227328K, used 46131K [0x0000000722c00000, 0x0000000800000000)
  region size 2048K, 17 young (34816K), 2 survivors (4096K)
 Metaspace       used 5506K, committed 5824K, reserved 1114112K
  class space    used 652K, committed 768K, reserved 1048576K
}
Event: 2.499 GC heap after
{Heap after GC invocations=3 (full 0):
 garbage-first heap   total 227328K, used 22374K [0x0000000722c00000, 0x0000000800000000)
  region size 2048K, 3 young (6144K), 3 survivors (6144K)
 Metaspace       used 5506K, committed 5824K, reserved 1114112K
  class space    used 652K, committed 768K, reserved 1048576K
}
Event: 3.708 GC heap before
{Heap before GC invocations=3 (full 0):
 garbage-first heap   total 227328K, used 114534K [0x0000000722c00000, 0x0000000800000000)
  region size 2048K, 49 young (100352K), 3 survivors (6144K)
 Metaspace       used 16149K, committed 16768K, reserved 1114112K
  class space    used 2199K, committed 2496K, reserved 1048576K
}
Event: 3.719 GC heap after
{Heap after GC invocations=4 (full 0):
 garbage-first heap   total 227328K, used 31191K [0x0000000722c00000, 0x0000000800000000)
  region size 2048K, 7 young (14336K), 7 survivors (14336K)
 Metaspace       used 16149K, committed 16768K, reserved 1114112K
  class space    used 2199K, committed 2496K, reserved 1048576K
}
Event: 4.118 GC heap before
{Heap before GC invocations=4 (full 0):
 garbage-first heap   total 227328K, used 92631K [0x0000000722c00000, 0x0000000800000000)
  region size 2048K, 39 young (79872K), 7 survivors (14336K)
 Metaspace       used 20577K, committed 21504K, reserved 1114112K
  class space    used 2848K, committed 3328K, reserved 1048576K
}
Event: 4.133 GC heap after
{Heap after GC invocations=5 (full 0):
 garbage-first heap   total 227328K, used 35392K [0x0000000722c00000, 0x0000000800000000)
  region size 2048K, 3 young (6144K), 3 survivors (6144K)
 Metaspace       used 20577K, committed 21504K, reserved 1114112K
  class space    used 2848K, committed 3328K, reserved 1048576K
}

Dll operation events (12 events):
Event: 0.171 Loaded shared library C:\Program Files\Java\jdk-19\bin\java.dll
Event: 0.185 Loaded shared library C:\Program Files\Java\jdk-19\bin\jsvml.dll
Event: 0.252 Loaded shared library C:\Program Files\Java\jdk-19\bin\zip.dll
Event: 0.259 Loaded shared library C:\Program Files\Java\jdk-19\bin\instrument.dll
Event: 0.267 Loaded shared library C:\Program Files\Java\jdk-19\bin\net.dll
Event: 0.271 Loaded shared library C:\Program Files\Java\jdk-19\bin\nio.dll
Event: 0.276 Loaded shared library C:\Program Files\Java\jdk-19\bin\zip.dll
Event: 0.446 Loaded shared library C:\Program Files\Java\jdk-19\bin\jimage.dll
Event: 2.551 Loaded shared library C:\Program Files\Java\jdk-19\bin\verify.dll
Event: 3.812 Loaded shared library C:\Program Files\Java\jdk-19\bin\management.dll
Event: 3.818 Loaded shared library C:\Program Files\Java\jdk-19\bin\management_ext.dll
Event: 4.641 Loaded shared library C:\Users\SRizzardini\.gradle\native\jansi\1.18\windows64\jansi.dll

Deoptimization events (20 events):
Event: 4.020 Thread 0x000001e43f6284c0 DEOPT PACKING pc=0x000001e42b3c6c04 sp=0x0000008053dfe310
Event: 4.020 Thread 0x000001e43f6284c0 DEOPT UNPACKING pc=0x000001e42ae97543 sp=0x0000008053dfd860 mode 1
Event: 4.020 Thread 0x000001e43f6284c0 DEOPT PACKING pc=0x000001e42b3c77ac sp=0x0000008053dfe410
Event: 4.020 Thread 0x000001e43f6284c0 DEOPT UNPACKING pc=0x000001e42ae97543 sp=0x0000008053dfd8f8 mode 1
Event: 4.020 Thread 0x000001e43f6284c0 DEOPT PACKING pc=0x000001e42b3c5db4 sp=0x0000008053dfe4d0
Event: 4.020 Thread 0x000001e43f6284c0 DEOPT UNPACKING pc=0x000001e42ae97543 sp=0x0000008053dfd990 mode 1
Event: 4.020 Thread 0x000001e43f6284c0 DEOPT PACKING pc=0x000001e42b332d7c sp=0x0000008053dfe540
Event: 4.020 Thread 0x000001e43f6284c0 DEOPT UNPACKING pc=0x000001e42ae97543 sp=0x0000008053dfda40 mode 1
Event: 4.020 Thread 0x000001e43f6284c0 DEOPT PACKING pc=0x000001e42b3c6c04 sp=0x0000008053dfe310
Event: 4.020 Thread 0x000001e43f6284c0 DEOPT UNPACKING pc=0x000001e42ae97543 sp=0x0000008053dfd860 mode 1
Event: 4.020 Thread 0x000001e43f6284c0 DEOPT PACKING pc=0x000001e42b3c77ac sp=0x0000008053dfe410
Event: 4.020 Thread 0x000001e43f6284c0 DEOPT UNPACKING pc=0x000001e42ae97543 sp=0x0000008053dfd8f8 mode 1
Event: 4.020 Thread 0x000001e43f6284c0 DEOPT PACKING pc=0x000001e42b3c5db4 sp=0x0000008053dfe4d0
Event: 4.020 Thread 0x000001e43f6284c0 DEOPT UNPACKING pc=0x000001e42ae97543 sp=0x0000008053dfd990 mode 1
Event: 4.020 Thread 0x000001e43f6284c0 DEOPT PACKING pc=0x000001e42b332d7c sp=0x0000008053dfe540
Event: 4.020 Thread 0x000001e43f6284c0 DEOPT UNPACKING pc=0x000001e42ae97543 sp=0x0000008053dfda40 mode 1
Event: 4.418 Thread 0x000001e43f5539c0 DEOPT PACKING pc=0x000001e42b5b7024 sp=0x00000080529fea10
Event: 4.418 Thread 0x000001e43f5539c0 DEOPT UNPACKING pc=0x000001e42ae97543 sp=0x00000080529fdf58 mode 1
Event: 4.623 Thread 0x000001e43f552480 DEOPT PACKING pc=0x000001e42b549044 sp=0x00000080524fddf0
Event: 4.623 Thread 0x000001e43f552480 DEOPT UNPACKING pc=0x000001e42ae97543 sp=0x00000080524fd2e8 mode 0

Classes loaded (20 events):
Event: 4.623 Loading class sun/net/www/protocol/https/Handler
Event: 4.623 Loading class sun/net/www/protocol/http/Handler
Event: 4.623 Loading class sun/net/www/protocol/http/Handler done
Event: 4.623 Loading class sun/net/www/protocol/https/Handler done
Event: 4.630 Loading class java/util/concurrent/ConcurrentLinkedQueue$Itr
Event: 4.630 Loading class java/util/concurrent/ConcurrentLinkedQueue$Itr done
Event: 4.637 Loading class java/util/LinkedList$Node
Event: 4.637 Loading class java/util/LinkedList$Node done
Event: 4.641 Loading class jdk/internal/loader/NativeLibraries$Unloader
Event: 4.642 Loading class java/util/concurrent/ConcurrentLinkedDeque
Event: 4.642 Loading class jdk/internal/loader/NativeLibraries$Unloader done
Event: 4.642 Loading class java/util/concurrent/ConcurrentLinkedDeque done
Event: 4.642 Loading class java/util/concurrent/ConcurrentLinkedDeque$Node
Event: 4.642 Loading class java/util/concurrent/ConcurrentLinkedDeque$Node done
Event: 4.643 Loading class java/nio/charset/UnsupportedCharsetException
Event: 4.643 Loading class java/nio/charset/UnsupportedCharsetException done
Event: 4.646 Loading class java/util/concurrent/ConcurrentLinkedDeque$Itr
Event: 4.646 Loading class java/util/concurrent/ConcurrentLinkedDeque$AbstractItr
Event: 4.646 Loading class java/util/concurrent/ConcurrentLinkedDeque$AbstractItr done
Event: 4.646 Loading class java/util/concurrent/ConcurrentLinkedDeque$Itr done

Classes unloaded (0 events):
No events

Classes redefined (0 events):
No events

Internal exceptions (20 events):
Event: 4.199 Thread 0x000001e43f54ea10 Exception <a 'java/lang/NoSuchMethodError'{0x000000072a6b7530}: 'java.lang.Object java.lang.invoke.DirectMethodHandle$Holder.invokeStatic(java.lang.Object, java.lang.Object, java.lang.Object, java.lang.Object, java.lang.Object, java.lang.Object, java.lang.Object, java.lang.Object, java.lang.Object, java.lang.Object, java.lang.Object, java.lang.Object, java.lang.Object, java.lang.Object, java.lang.Object)'> (0x000000072a6b7530) 
thrown [s\open\src\hotspot\share\interpreter\linkResolver.cpp, line 774]
Event: 4.201 Thread 0x000001e43f54ea10 Exception <a 'java/lang/NoSuchMethodError'{0x000000072a6d9d58}: 'java.lang.Object java.lang.invoke.DirectMethodHandle$Holder.invokeStatic(java.lang.Object, java.lang.Object, java.lang.Object, java.lang.Object, java.lang.Object, java.lang.Object, java.lang.Object, java.lang.Object, java.lang.Object, java.lang.Object, java.lang.Object, java.lang.Object, java.lang.Object, java.lang.Object, java.lang.Object, java.lang.Object)'> (0x000000072a6d9d58) 
thrown [s\open\src\hotspot\share\interpreter\linkResolver.cpp
Event: 4.223 Thread 0x000001e43f54ea10 Exception <a 'java/lang/NoSuchMethodError'{0x000000072a447680}: 'int java.lang.invoke.DirectMethodHandle$Holder.invokeSpecialIFC(java.lang.Object, java.lang.Object, java.lang.Object)'> (0x000000072a447680) 
thrown [s\open\src\hotspot\share\interpreter\linkResolver.cpp, line 774]
Event: 4.297 Thread 0x000001e43f626a30 Exception <a 'java/lang/NoSuchMethodError'{0x0000000729e650f8}: 'java.lang.Object java.lang.invoke.DirectMethodHandle$Holder.invokeInterface(java.lang.Object, java.lang.Object, java.lang.Object, java.lang.Object)'> (0x0000000729e650f8) 
thrown [s\open\src\hotspot\share\interpreter\linkResolver.cpp, line 774]
Event: 4.393 Thread 0x000001e43f0efdc0 Exception <a 'java/lang/NoSuchMethodError'{0x0000000729537180}: 'java.lang.Object java.lang.invoke.DelegatingMethodHandle$Holder.reinvoke_L(java.lang.Object, java.lang.Object, java.lang.Object, java.lang.Object, java.lang.Object, java.lang.Object, java.lang.Object, java.lang.Object, java.lang.Object, java.lang.Object, java.lang.Object, java.lang.Object, java.lang.Object)'> (0x0000000729537180) 
thrown [s\open\src\hotspot\share\interpreter\linkResolver.cpp, line 774]
Event: 4.394 Thread 0x000001e43f0efdc0 Exception <a 'java/lang/NoSuchMethodError'{0x000000072953fc18}: 'java.lang.Object java.lang.invoke.DirectMethodHandle$Holder.invokeSpecial(java.lang.Object, java.lang.Object, java.lang.Object, java.lang.Object, java.lang.Object, java.lang.Object, java.lang.Object, java.lang.Object, java.lang.Object, java.lang.Object, java.lang.Object, java.lang.Object, java.lang.Object)'> (0x000000072953fc18) 
thrown [s\open\src\hotspot\share\interpreter\linkResolver.cpp, line 774]
Event: 4.395 Thread 0x000001e43f0efdc0 Exception <a 'java/lang/NoSuchMethodError'{0x0000000729543ca0}: 'java.lang.Object java.lang.invoke.Invokers$Holder.invoker(java.lang.Object, java.lang.Object, java.lang.Object, java.lang.Object, java.lang.Object, java.lang.Object, java.lang.Object, java.lang.Object, java.lang.Object, java.lang.Object, java.lang.Object, java.lang.Object, java.lang.Object)'> (0x0000000729543ca0) 
thrown [s\open\src\hotspot\share\interpreter\linkResolver.cpp, line 774]
Event: 4.395 Thread 0x000001e43f0efdc0 Exception <a 'java/lang/NoSuchMethodError'{0x0000000729235e58}: 'java.lang.Object java.lang.invoke.DelegatingMethodHandle$Holder.delegate(java.lang.Object, java.lang.Object, java.lang.Object, java.lang.Object, java.lang.Object, java.lang.Object, java.lang.Object, java.lang.Object, java.lang.Object, java.lang.Object, java.lang.Object, java.lang.Object, java.lang.Object)'> (0x0000000729235e58) 
thrown [s\open\src\hotspot\share\interpreter\linkResolver.cpp, line 774]
Event: 4.427 Thread 0x000001e43f54ea10 Exception <a 'java/lang/NoSuchMethodError'{0x0000000728e27b50}: 'int java.lang.invoke.DirectMethodHandle$Holder.invokeStaticInit(java.lang.Object, java.lang.Object, java.lang.Object)'> (0x0000000728e27b50) 
thrown [s\open\src\hotspot\share\interpreter\linkResolver.cpp, line 774]
Event: 4.427 Thread 0x000001e43f54ea10 Exception <a 'java/lang/NoSuchMethodError'{0x0000000728e2b428}: 'int java.lang.invoke.DirectMethodHandle$Holder.invokeSpecial(java.lang.Object, java.lang.Object, java.lang.Object, java.lang.Object)'> (0x0000000728e2b428) 
thrown [s\open\src\hotspot\share\interpreter\linkResolver.cpp, line 774]
Event: 4.427 Thread 0x000001e43f54ea10 Exception <a 'java/lang/NoSuchMethodError'{0x0000000728e35cd0}: 'void java.lang.invoke.DirectMethodHandle$Holder.invokeStaticInit(java.lang.Object, java.lang.Object, java.lang.Object, java.lang.Object)'> (0x0000000728e35cd0) 
thrown [s\open\src\hotspot\share\interpreter\linkResolver.cpp, line 774]
Event: 4.486 Thread 0x000001e43f6284c0 Exception <a 'java/lang/IncompatibleClassChangeError'{0x0000000728bd8b68}: Found class java.lang.Object, but interface was expected> (0x0000000728bd8b68) 
thrown [s\open\src\hotspot\share\interpreter\linkResolver.cpp, line 841]
Event: 4.506 Thread 0x000001e43f552480 Exception <a 'java/lang/NoSuchMethodError'{0x0000000728650f78}: 'void java.lang.invoke.DirectMethodHandle$Holder.invokeSpecial(java.lang.Object, java.lang.Object, java.lang.Object, java.lang.Object, java.lang.Object, java.lang.Object, java.lang.Object, java.lang.Object, java.lang.Object, java.lang.Object, java.lang.Object)'> (0x0000000728650f78) 
thrown [s\open\src\hotspot\share\interpreter\linkResolver.cpp, line 774]
Event: 4.507 Thread 0x000001e43f552480 Exception <a 'java/lang/NoSuchMethodError'{0x0000000728654c48}: 'void java.lang.invoke.DelegatingMethodHandle$Holder.reinvoke_L(java.lang.Object, java.lang.Object, java.lang.Object, java.lang.Object, java.lang.Object, java.lang.Object, java.lang.Object, java.lang.Object, java.lang.Object, java.lang.Object)'> (0x0000000728654c48) 
thrown [s\open\src\hotspot\share\interpreter\linkResolver.cpp, line 774]
Event: 4.583 Thread 0x000001e43f552480 Exception <a 'java/lang/NoSuchMethodError'{0x0000000727249300}: 'void java.lang.invoke.DirectMethodHandle$Holder.invokeSpecial(java.lang.Object, java.lang.Object, java.lang.Object, java.lang.Object, java.lang.Object, java.lang.Object, java.lang.Object, java.lang.Object, java.lang.Object, java.lang.Object, java.lang.Object, java.lang.Object, java.lang.Object)'> (0x0000000727249300) 
thrown [s\open\src\hotspot\share\interpreter\linkResolver.cpp, line 774]
Event: 4.584 Thread 0x000001e43f552480 Exception <a 'java/lang/NoSuchMethodError'{0x0000000727298ad8}: 'java.lang.Object java.lang.invoke.DirectMethodHandle$Holder.newInvokeSpecial(java.lang.Object, java.lang.Object, java.lang.Object, java.lang.Object, java.lang.Object, java.lang.Object, java.lang.Object, java.lang.Object, java.lang.Object, java.lang.Object, java.lang.Object, java.lang.Object)'> (0x0000000727298ad8) 
thrown [s\open\src\hotspot\share\interpreter\linkResolver.cpp, line 774]
Event: 4.584 Thread 0x000001e43f552480 Exception <a 'java/lang/NoSuchMethodError'{0x000000072729cd98}: 'java.lang.Object java.lang.invoke.Invokers$Holder.linkToTargetMethod(java.lang.Object, java.lang.Object, java.lang.Object, java.lang.Object, java.lang.Object, java.lang.Object, java.lang.Object, java.lang.Object, java.lang.Object, java.lang.Object, java.lang.Object, java.lang.Object)'> (0x000000072729cd98) 
thrown [s\open\src\hotspot\share\interpreter\linkResolver.cpp, line 774]
Event: 4.637 Thread 0x000001e43e8545e0 Exception <a 'java/lang/NoSuchMethodError'{0x0000000726c6d7c8}: 'java.lang.Object java.lang.invoke.DelegatingMethodHandle$Holder.reinvoke_L(java.lang.Object, java.lang.Object, java.lang.Object, java.lang.Object, java.lang.Object, java.lang.Object, java.lang.Object, java.lang.Object, java.lang.Object, java.lang.Object, java.lang.Object, java.lang.Object, java.lang.Object, java.lang.Object)'> (0x0000000726c6d7c8) 
thrown [s\open\src\hotspot\share\interpreter\linkResolver.cpp, line 774]
Event: 4.644 Thread 0x000001e43f551f30 Exception <a 'java/lang/NullPointerException'{0x0000000726d95618}> (0x0000000726d95618) 
thrown [s\open\src\hotspot\share\interpreter\linkResolver.cpp, line 1374]
Event: 4.645 Thread 0x000001e43f551f30 Exception <a 'java/lang/NoSuchFieldError'{0x0000000726d9cf48}: STDIN_FILENO> (0x0000000726d9cf48) 
thrown [s\open\src\hotspot\share\prims\jni.cpp, line 1985]

VM Operations (20 events):
Event: 4.169 Executing VM operation: G1PauseCleanup
Event: 4.169 Executing VM operation: G1PauseCleanup done
Event: 4.341 Executing VM operation: ICBufferFull
Event: 4.342 Executing VM operation: ICBufferFull done
Event: 4.505 Executing VM operation: HandshakeAllThreads
Event: 4.506 Executing VM operation: HandshakeAllThreads done
Event: 4.552 Executing VM operation: HandshakeAllThreads
Event: 4.552 Executing VM operation: HandshakeAllThreads done
Event: 4.554 Executing VM operation: HandshakeAllThreads
Event: 4.554 Executing VM operation: HandshakeAllThreads done
Event: 4.561 Executing VM operation: HandshakeAllThreads
Event: 4.561 Executing VM operation: HandshakeAllThreads done
Event: 4.568 Executing VM operation: HandshakeAllThreads
Event: 4.568 Executing VM operation: HandshakeAllThreads done
Event: 4.617 Executing VM operation: ICBufferFull
Event: 4.617 Executing VM operation: ICBufferFull done
Event: 4.622 Executing VM operation: HandshakeAllThreads
Event: 4.623 Executing VM operation: HandshakeAllThreads done
Event: 4.624 Executing VM operation: HandshakeAllThreads
Event: 4.624 Executing VM operation: HandshakeAllThreads done

Events (20 events):
Event: 3.594 Thread 0x000001e43f554f00 Thread added: 0x000001e43f554f00
Event: 3.594 Thread 0x000001e43f550f40 Thread added: 0x000001e43f550f40
Event: 3.595 Thread 0x000001e43f5519e0 Thread added: 0x000001e43f5519e0
Event: 3.595 Thread 0x000001e43f626a30 Thread added: 0x000001e43f626a30
Event: 3.595 Thread 0x000001e43f62a4a0 Thread added: 0x000001e43f62a4a0
Event: 3.595 Thread 0x000001e43f627a20 Thread added: 0x000001e43f627a20
Event: 3.596 Thread 0x000001e43f62b9e0 Thread added: 0x000001e43f62b9e0
Event: 3.596 Thread 0x000001e43f627f70 Thread added: 0x000001e43f627f70
Event: 3.597 Thread 0x000001e43f62a9f0 Thread added: 0x000001e43f62a9f0
Event: 3.597 Thread 0x000001e43f62cf20 Thread added: 0x000001e43f62cf20
Event: 3.598 Thread 0x000001e43f6284c0 Thread added: 0x000001e43f6284c0
Event: 3.598 Thread 0x000001e43f625a40 Thread added: 0x000001e43f625a40
Event: 3.598 Thread 0x000001e43f6274d0 Thread added: 0x000001e43f6274d0
Event: 3.599 Thread 0x000001e43f62d470 Thread added: 0x000001e43f62d470
Event: 3.599 Thread 0x000001e43f628a10 Thread added: 0x000001e43f628a10
Event: 3.599 Thread 0x000001e43f628f60 Thread added: 0x000001e43f628f60
Event: 3.600 Thread 0x000001e43f62bf30 Thread added: 0x000001e43f62bf30
Event: 3.601 Thread 0x000001e43f625f90 Thread added: 0x000001e43f625f90
Event: 3.603 Thread 0x000001e43f629f50 Thread added: 0x000001e43f629f50
Event: 3.614 Thread 0x000001e43f62af40 Thread added: 0x000001e43f62af40


Dynamic libraries:
0x00007ff7918e0000 - 0x00007ff7918f0000 	C:\Program Files\Java\jdk-19\bin\java.exe
0x00007ff9cc010000 - 0x00007ff9cc227000 	C:\WINDOWS\SYSTEM32\ntdll.dll
0x00007ff9cb2d0000 - 0x00007ff9cb394000 	C:\WINDOWS\System32\KERNEL32.DLL
0x00007ff9c9390000 - 0x00007ff9c9736000 	C:\WINDOWS\System32\KERNELBASE.dll
0x00007ff9c9c50000 - 0x00007ff9c9d61000 	C:\WINDOWS\System32\ucrtbase.dll
0x00007ff9922b0000 - 0x00007ff9922c8000 	C:\Program Files\Java\jdk-19\bin\jli.dll
0x00007ff9a5a90000 - 0x00007ff9a5aab000 	C:\Program Files\Java\jdk-19\bin\VCRUNTIME140.dll
0x00007ff9c9f50000 - 0x00007ff9ca000000 	C:\WINDOWS\System32\ADVAPI32.dll
0x00007ff9caeb0000 - 0x00007ff9caf57000 	C:\WINDOWS\System32\msvcrt.dll
0x00007ff9ca750000 - 0x00007ff9ca7f6000 	C:\WINDOWS\System32\sechost.dll
0x00007ff9cbdb0000 - 0x00007ff9cbec7000 	C:\WINDOWS\System32\RPCRT4.dll
0x00007ff9cbc00000 - 0x00007ff9cbdad000 	C:\WINDOWS\System32\USER32.dll
0x00007ff9c9c20000 - 0x00007ff9c9c46000 	C:\WINDOWS\System32\win32u.dll
0x00007ff9cbf20000 - 0x00007ff9cbf49000 	C:\WINDOWS\System32\GDI32.dll
0x00007ff9c9740000 - 0x00007ff9c9858000 	C:\WINDOWS\System32\gdi32full.dll
0x00007ff9ac400000 - 0x00007ff9ac693000 	C:\WINDOWS\WinSxS\amd64_microsoft.windows.common-controls_6595b64144ccf1df_6.0.22621.2361_none_2712ced57382f843\COMCTL32.dll
0x00007ff9c9ac0000 - 0x00007ff9c9b5a000 	C:\WINDOWS\System32\msvcp_win.dll
0x00007ff9bd710000 - 0x00007ff9bd71a000 	C:\WINDOWS\SYSTEM32\VERSION.dll
0x00007ff9cbee0000 - 0x00007ff9cbf11000 	C:\WINDOWS\System32\IMM32.DLL
0x00007ff9a8160000 - 0x00007ff9a816c000 	C:\Program Files\Java\jdk-19\bin\vcruntime140_1.dll
0x00007ff991380000 - 0x00007ff99140e000 	C:\Program Files\Java\jdk-19\bin\msvcp140.dll
0x00007ff942a70000 - 0x00007ff943730000 	C:\Program Files\Java\jdk-19\bin\server\jvm.dll
0x00007ff9c69a0000 - 0x00007ff9c69d4000 	C:\WINDOWS\SYSTEM32\WINMM.dll
0x00007ff9c1b40000 - 0x00007ff9c1b49000 	C:\WINDOWS\SYSTEM32\WSOCK32.dll
0x00007ff9cbf50000 - 0x00007ff9cbfc1000 	C:\WINDOWS\System32\WS2_32.dll
0x00007ff9c8240000 - 0x00007ff9c8258000 	C:\WINDOWS\SYSTEM32\kernel.appcore.dll
0x00007ff9a7570000 - 0x00007ff9a757a000 	C:\Program Files\Java\jdk-19\bin\jimage.dll
0x00007ff9c6730000 - 0x00007ff9c695e000 	C:\WINDOWS\SYSTEM32\DBGHELP.DLL
0x00007ff9ca320000 - 0x00007ff9ca6aa000 	C:\WINDOWS\System32\combase.dll
0x00007ff9ca810000 - 0x00007ff9ca8e7000 	C:\WINDOWS\System32\OLEAUT32.dll
0x00007ff9c6960000 - 0x00007ff9c6992000 	C:\WINDOWS\SYSTEM32\dbgcore.DLL
0x00007ff9c9860000 - 0x00007ff9c98da000 	C:\WINDOWS\System32\bcryptPrimitives.dll
0x00007ff997d80000 - 0x00007ff997d8e000 	C:\Program Files\Java\jdk-19\bin\instrument.dll
0x00007ff992280000 - 0x00007ff9922a6000 	C:\Program Files\Java\jdk-19\bin\java.dll
0x00007ff98aa40000 - 0x00007ff98aa7c000 	C:\Program Files\Java\jdk-19\bin\jdwp.dll
0x00007ff970ad0000 - 0x00007ff970ba7000 	C:\Program Files\Java\jdk-19\bin\jsvml.dll
0x00007ff9cb3a0000 - 0x00007ff9cbbf8000 	C:\WINDOWS\System32\SHELL32.dll
0x00007ff9c7100000 - 0x00007ff9c79f2000 	C:\WINDOWS\SYSTEM32\windows.storage.dll
0x00007ff9c6fc0000 - 0x00007ff9c70fe000 	C:\WINDOWS\SYSTEM32\wintypes.dll
0x00007ff9ca8f0000 - 0x00007ff9ca9e3000 	C:\WINDOWS\System32\SHCORE.dll
0x00007ff9ca120000 - 0x00007ff9ca17e000 	C:\WINDOWS\System32\shlwapi.dll
0x00007ff9c92c0000 - 0x00007ff9c92e6000 	C:\WINDOWS\SYSTEM32\profapi.dll
0x00007ff991360000 - 0x00007ff991378000 	C:\Program Files\Java\jdk-19\bin\zip.dll
0x00007ff992260000 - 0x00007ff992273000 	C:\Program Files\Java\jdk-19\bin\net.dll
0x00007ff9c82c0000 - 0x00007ff9c83f7000 	C:\WINDOWS\SYSTEM32\WINHTTP.dll
0x00007ff9c8850000 - 0x00007ff9c88b9000 	C:\WINDOWS\system32\mswsock.dll
0x00007ff992240000 - 0x00007ff992256000 	C:\Program Files\Java\jdk-19\bin\nio.dll
0x00007ff9c40d0000 - 0x00007ff9c40dc000 	C:\Program Files\Java\jdk-19\bin\dt_socket.dll
0x00007ff9c7b20000 - 0x00007ff9c7b4d000 	C:\WINDOWS\SYSTEM32\IPHLPAPI.DLL
0x00007ff9c7b50000 - 0x00007ff9c7c49000 	C:\WINDOWS\SYSTEM32\DNSAPI.dll
0x00007ff9ca800000 - 0x00007ff9ca809000 	C:\WINDOWS\System32\NSI.dll
0x00007ff9bd980000 - 0x00007ff9bd98a000 	C:\Windows\System32\rasadhlp.dll
0x00007ff9c26c0000 - 0x00007ff9c2744000 	C:\WINDOWS\System32\fwpuclnt.dll
0x00007ff991350000 - 0x00007ff991360000 	C:\Program Files\Java\jdk-19\bin\verify.dll
0x00007ff992470000 - 0x00007ff99247a000 	C:\Program Files\Java\jdk-19\bin\management.dll
0x00007ff992310000 - 0x00007ff99231b000 	C:\Program Files\Java\jdk-19\bin\management_ext.dll
0x00007ff9ca740000 - 0x00007ff9ca748000 	C:\WINDOWS\System32\PSAPI.DLL
0x00007ff9ab320000 - 0x00007ff9ab32a000 	C:\Users\SRizzardini\.gradle\native\jansi\1.18\windows64\jansi.dll

dbghelp: loaded successfully - version: 4.0.5 - missing functions: none
symbol engine: initialized successfully - sym options: 0x614 - pdb path: .;C:\Program Files\Java\jdk-19\bin;C:\WINDOWS\SYSTEM32;C:\WINDOWS\WinSxS\amd64_microsoft.windows.common-controls_6595b64144ccf1df_6.0.22621.2361_none_2712ced57382f843;C:\Program Files\Java\jdk-19\bin\server;C:\Users\SRizzardini\.gradle\native\jansi\1.18\windows64

VM Arguments:
jvm_args: -javaagent:C:\Users\SRizzardini\.gradle\caches\modules-2\files-2.1\io.quarkus\quarkus-class-change-agent\3.14.4\2ba49408aef9e79dc455fe66cff484ac6b8f1fc5\quarkus-class-change-agent-3.14.4.jar -Dquarkus-internal.serialized-app-model.path=C:\Users\SRizzardini\QuoteApp\quarkus-react\quarkus-react\build\tmp\quarkusDev\quarkus-app-model.dat -Dquarkus-internal-test.serialized-app-model.path=C:\Users\SRizzardini\QuoteApp\quarkus-react\quarkus-react\build\tmp\quarkusDev\quarkus-app-test-model.dat -XX:TieredStopAtLevel=1 -agentlib:jdwp=transport=dt_socket,address=localhost:5005,server=y,suspend=n -Djava.util.logging.manager=org.jboss.logmanager.LogManager 
java_command: C:\Users\SRizzardini\QuoteApp\quarkus-react\quarkus-react\build\quarkus-react-dev.jar
java_class_path (initial): C:\Users\SRizzardini\QuoteApp\quarkus-react\quarkus-react\build\quarkus-react-dev.jar
Launcher Type: SUN_STANDARD

[Global flags]
     intx CICompilerCount                          = 4                                         {product} {ergonomic}
     uint ConcGCThreads                            = 3                                         {product} {ergonomic}
     uint G1ConcRefinementThreads                  = 10                                        {product} {ergonomic}
   size_t G1HeapRegionSize                         = 2097152                                   {product} {ergonomic}
    uintx GCDrainStackTargetSize                   = 64                                        {product} {ergonomic}
   size_t InitialHeapSize                          = 232783872                                 {product} {ergonomic}
   size_t MarkStackSize                            = 4194304                                   {product} {ergonomic}
   size_t MaxHeapSize                              = 3711959040                                {product} {ergonomic}
   size_t MaxNewSize                               = 2227175424                                {product} {ergonomic}
   size_t MinHeapDeltaBytes                        = 2097152                                   {product} {ergonomic}
   size_t MinHeapSize                              = 8388608                                   {product} {ergonomic}
    uintx NonProfiledCodeHeapSize                  = 0                                      {pd product} {ergonomic}
     bool ProfileInterpreter                       = false                                  {pd product} {command line}
    uintx ProfiledCodeHeapSize                     = 0                                      {pd product} {ergonomic}
   size_t SoftMaxHeapSize                          = 3711959040                             {manageable} {ergonomic}
     intx TieredStopAtLevel                        = 1                                         {product} {command line}
     bool UseCompressedClassPointers               = true                           {product lp64_product} {ergonomic}
     bool UseCompressedOops                        = true                           {product lp64_product} {ergonomic}
     bool UseG1GC                                  = true                                      {product} {ergonomic}
     bool UseLargePagesIndividualAllocation        = false                                  {pd product} {ergonomic}

Logging:
Log output configuration:
 #0: stdout all=warning uptime,level,tags foldmultilines=false
 #1: stderr all=off uptime,level,tags foldmultilines=false

Environment Variables:
JAVA_HOME=C:\Program Files\Java\jdk-19
CLASSPATH="C:\ProgramData\chocolatey\lib\quarkus\quarkus-cli-3.2.4.Final"\etc;"C:\ProgramData\chocolatey\lib\quarkus\quarkus-cli-3.2.4.Final\lib"\quarkus-cli-3.2.4.Final-runner.jar
PATH=C:\Program Files\Common Files\Oracle\Java\javapath;C:\Program Files\AdoptOpenJDK\jdk-11.0.10.9-openj9\bin;C:\Program Files\Eclipse Adoptium\jdk-17.0.4.8-hotspot\bin;C:\WINDOWS\system32;C:\WINDOWS;C:\WINDOWS\System32\Wbem;C:\WINDOWS\System32\WindowsPowerShell\v1.0\;C:\WINDOWS\System32\OpenSSH\;C:\Program Files\Docker\Docker\resources\bin;C:\Program Files\nodejs\bin;C:\ProgramData\chocolatey\bin;C:\Program Files\nodejs\bin\;C:\Users\SRizzardini\AppData\Local\Programs\Python\Python36\Scripts\;C:\Users\SRizzardini\AppData\Local\Programs\Python\Python36\;C:\Users\SRizzardini\AppData\Local\Microsoft\WindowsApps;;C:\Users\SRizzardini\AppData\Local\Programs\Microsoft VS Code\bin;C:\Users\SRizzardini\AppData\Roaming\npm
USERNAME=SRizzardini
OS=Windows_NT
PROCESSOR_IDENTIFIER=AMD64 Family 23 Model 104 Stepping 1, AuthenticAMD
TMP=C:\Users\SRIZZA~1\AppData\Local\Temp
TEMP=C:\Users\SRIZZA~1\AppData\Local\Temp



---------------  S Y S T E M  ---------------

OS:
 Windows 11 , 64 bit Build 22621 (10.0.22621.2428)
OS uptime: 0 days 0:50 hours
Hyper-V role detected

CPU: total 12 (initial active 12) (12 cores per cpu, 2 threads per core) family 23 model 104 stepping 1 microcode 0x0, cx8, cmov, fxsr, ht, mmx, 3dnowpref, sse, sse2, sse3, ssse3, sse4a, sse4.1, sse4.2, popcnt, lzcnt, tsc, tscinvbit, avx, avx2, aes, clmul, bmi1, bmi2, adx, sha, fma, vzeroupper, clflush, clflushopt, hv, rdtscp, rdpid

Memory: 4k page, system-wide physical 14158M (1951M free)
TotalPageFile size 29006M (AvailPageFile size 12240M)
current process WorkingSet (physical memory assigned to process): 201M, peak: 225M
current process commit charge ("private bytes"): 292M, peak: 377M

vm_info: Java HotSpot(TM) 64-Bit Server VM (19.0.1+10-21) for windows-amd64 JRE (19.0.1+10-21), built on 2022-09-14T12:45:06Z by "mach5one" with MS VC++ 17.1 (VS2022)

END.
